分类: 📺央视频道, 名称: CCTV-1, 有效: 10, IPv4: 393, IPv6: 0, 最小延迟: 434 ms, 最高速率: 8.71 M/s, 平均速率: 2.50 M/s, 最高分辨率: 1920x1080, 平均帧率: 36.67, 视频编解码器: h264, 音频编解码器: mp2
分类: 📺央视频道, 名称: CCTV-2, 有效: 9, IPv4: 365, IPv6: 0, 最小延迟: 412 ms, 最高速率: 7.62 M/s, 平均速率: 2.55 M/s, 最高分辨率: 1920x1080, 平均帧率: 37.00, 视频编解码器: h264, 音频编解码器: mp2
分类: 📺央视频道, 名称: CCTV-3, 有效: 8, IPv4: 358, IPv6: 0, 最小延迟: 435 ms, 最高速率: 8.88 M/s, 平均速率: 2.94 M/s, 最高分辨率: 1920x1080, 平均帧率: 33.70, 视频编解码器: h264, 音频编解码器: mp2
分类: 📺央视频道, 名称: CCTV-4, 有效: 7, IPv4: 420, IPv6: 0, 最小延迟: 288 ms, 最高速率: 7.75 M/s, 平均速率: 4.27 M/s, 最高分辨率: 1920x1080, 平均帧率: 36.54, 视频编解码器: h264, 音频编解码器: mp2
分类: 📺央视频道, 名称: CCTV-5, 有效: 10, IPv4: 407, IPv6: 0, 最小延迟: 288 ms, 最高速率: 7.67 M/s, 平均速率: 4.01 M/s, 最高分辨率: 1920x1080, 平均帧率: 29.41, 视频编解码器: h264, 音频编解码器: mp2
分类: 📺央视频道, 名称: CCTV-5+, 有效: 4, IPv4: 199, IPv6: 0, 最小延迟: 969 ms, 最高速率: 3.41 M/s, 平均速率: 1.46 M/s, 最高分辨率: 1920x1080, 平均帧率: 37.50, 视频编解码器: h264, 音频编解码器: aac
分类: 📺央视频道, 名称: CCTV-6, 有效: 5, IPv4: 365, IPv6: 0, 最小延迟: 278 ms, 最高速率: 7.77 M/s, 平均速率: 4.23 M/s, 最高分辨率: 1920x1080, 平均帧率: 33.82, 视频编解码器: h264, 音频编解码器: mp2
分类: 📺央视频道, 名称: CCTV-7, 有效: 8, IPv4: 341, IPv6: 0, 最小延迟: 264 ms, 最高速率: 7.67 M/s, 平均速率: 2.63 M/s, 最高分辨率: 1920x1080, 平均帧率: 33.33, 视频编解码器: h264, 音频编解码器: mp2
分类: 📺央视频道, 名称: CCTV-8, 有效: 7, IPv4: 361, IPv6: 0, 最小延迟: 262 ms, 最高速率: 10.52 M/s, 平均速率: 5.33 M/s, 最高分辨率: 1920x1080, 平均帧率: 35.00, 视频编解码器: h264, 音频编解码器: aac
分类: 📺央视频道, 名称: CCTV-9, 有效: 5, IPv4: 362, IPv6: 0, 最小延迟: 221 ms, 最高速率: 6.42 M/s, 平均速率: 3.66 M/s, 最高分辨率: 1920x1080, 平均帧率: 35.87, 视频编解码器: h264, 音频编解码器: mp2
分类: 📺央视频道, 名称: CCTV-10, 有效: 10, IPv4: 356, IPv6: 0, 最小延迟: 298 ms, 最高速率: 2.66 M/s, 平均速率: 1.23 M/s, 最高分辨率: 1920x1080, 平均帧率: 34.09, 视频编解码器: h264, 音频编解码器: mp2
分类: 📺央视频道, 名称: CCTV-11, 有效: 5, IPv4: 272, IPv6: 0, 最小延迟: 425 ms, 最高速率: 4.95 M/s, 平均速率: 1.72 M/s, 最高分辨率: 1920x1080, 平均帧率: 35.53, 视频编解码器: h264, 音频编解码器: mp2
分类: 📺央视频道, 名称: CCTV-12, 有效: 7, IPv4: 318, IPv6: 0, 最小延迟: 381 ms, 最高速率: 8.20 M/s, 平均速率: 2.60 M/s, 最高分辨率: 1920x1080, 平均帧率: 37.68, 视频编解码器: h264, 音频编解码器: mp2
分类: 📺央视频道, 名称: CCTV-13, 有效: 5, IPv4: 281, IPv6: 0, 最小延迟: 439 ms, 最高速率: 9.49 M/s, 平均速率: 3.73 M/s, 最高分辨率: 1920x1080, 平均帧率: 30.00, 视频编解码器: h264, 音频编解码器: mp2
分类: 📺央视频道, 名称: CCTV-14, 有效: 4, IPv4: 300, IPv6: 0, 最小延迟: 279 ms, 最高速率: 7.79 M/s, 平均速率: 5.34 M/s, 最高分辨率: 1920x1080, 平均帧率: 33.33, 视频编解码器: h264, 音频编解码器: mp2
分类: 📺央视频道, 名称: CCTV-15, 有效: 4, IPv4: 281, IPv6: 0, 最小延迟: 219 ms, 最高速率: 8.99 M/s, 平均速率: 6.02 M/s, 最高分辨率: 1920x1080, 平均帧率: 32.50, 视频编解码器: h264, 音频编解码器: mp2
分类: 📺央视频道, 名称: CCTV-16, 有效: 5, IPv4: 131, IPv6: 0, 最小延迟: 398 ms, 最高速率: 7.55 M/s, 平均速率: 4.95 M/s, 最高分辨率: 1920x1080, 平均帧率: 25.00, 视频编解码器: h264, 音频编解码器: aac
分类: 📺央视频道, 名称: 文化精品, 有效: 2, IPv4: 13, IPv6: 0, 最小延迟: 446 ms, 最高速率: 8.87 M/s, 平均速率: 8.84 M/s, 最高分辨率: 1920x1080, 平均帧率: 25.00, 视频编解码器: h264, 音频编解码器: aac
分类: 📺央视频道, 名称: CCTV-17, 有效: 3, IPv4: 195, IPv6: 0, 最小延迟: 372 ms, 最高速率: 7.71 M/s, 平均速率: 6.67 M/s, 最高分辨率: 1920x1080, 平均帧率: 32.14, 视频编解码器: h264, 音频编解码器: aac
分类: 📺央视频道, 名称: 央视台球, 有效: 1, IPv4: 16, IPv6: 0, 最小延迟: 7 ms, 最高速率: 14.59 M/s, 平均速率: 9.44 M/s, 最高分辨率: 1920x1080, 平均帧率: 25.00, 视频编解码器: h264, 音频编解码器: aac
分类: 📺央视频道, 名称: 风云音乐, 有效: 1, IPv4: 16, IPv6: 0, 最小延迟: 465 ms, 最高速率: 10.41 M/s, 平均速率: 10.41 M/s, 最高分辨率: 1920x1080, 平均帧率: 41.67, 视频编解码器: h264, 音频编解码器: aac
分类: 📺央视频道, 名称: 第一剧场, 有效: 1, IPv4: 20, IPv6: 0, 最小延迟: 451 ms, 最高速率: 9.36 M/s, 平均速率: 9.36 M/s, 最高分辨率: 1920x1080, 平均帧率: 41.67, 视频编解码器: h264, 音频编解码器: mp2
分类: 📺央视频道, 名称: 风云剧场, 有效: 1, IPv4: 15, IPv6: 0, 最小延迟: 430 ms, 最高速率: 8.00 M/s, 平均速率: 8.00 M/s, 最高分辨率: 1920x1080, 平均帧率: 41.67, 视频编解码器: h264, 音频编解码器: aac
分类: 📺央视频道, 名称: 怀旧剧场, 有效: 2, IPv4: 19, IPv6: 0, 最小延迟: 434 ms, 最高速率: 7.82 M/s, 平均速率: 4.21 M/s, 最高分辨率: 1920x1080, 平均帧率: 41.67, 视频编解码器: h264, 音频编解码器: aac
分类: 📺央视频道, 名称: 女性时尚, 有效: 2, IPv4: 17, IPv6: 0, 最小延迟: 458 ms, 最高速率: 9.30 M/s, 平均速率: 5.09 M/s, 最高分辨率: 1920x1080, 平均帧率: 41.67, 视频编解码器: h264, 音频编解码器: aac
分类: 📺央视频道, 名称: 高尔夫网球, 有效: 1, IPv4: 10, IPv6: 0, 最小延迟: 473 ms, 最高速率: 8.44 M/s, 平均速率: 8.44 M/s, 最高分辨率: 1920x1080, 平均帧率: 37.50, 视频编解码器: h264, 音频编解码器: aac
分类: 📺央视频道, 名称: 风云足球, 有效: 1, IPv4: 21, IPv6: 0, 最小延迟: 434 ms, 最高速率: 8.37 M/s, 平均速率: 8.37 M/s, 最高分辨率: 1920x1080, 平均帧率: 40.00, 视频编解码器: h264, 音频编解码器: aac
分类: 📺央视频道, 名称: 电视指南, 有效: 1, IPv4: 3, IPv6: 0, 最小延迟: 462 ms, 最高速率: 9.44 M/s, 平均速率: 9.44 M/s, 最高分辨率: 1920x1080, 平均帧率: 25.00, 视频编解码器: h264, 音频编解码器: aac
分类: 📺央视频道, 名称: 世界地理, 有效: 1, IPv4: 18, IPv6: 0, 最小延迟: 450 ms, 最高速率: 9.37 M/s, 平均速率: 9.37 M/s, 最高分辨率: 1920x1080, 平均帧率: 43.75, 视频编解码器: h264, 音频编解码器: aac
分类: 📺央视频道, 名称: 兵器科技, 有效: 0, IPv4: 14, IPv6: 0, 最小延迟: 8201 ms, 最高速率: 0.16 M/s, 平均速率: 0.00 M/s, 最高分辨率: 1920x1080, 平均帧率: 25.00, 视频编解码器: h264, 音频编解码器: aac
分类: 📡卫视频道, 名称: 香港卫视, 有效: 0, IPv4: 7, IPv6: 0, 最小延迟: -1 ms, 最高速率: 0.00 M/s, 平均速率: 0.00 M/s, 最高分辨率: None, 平均帧率: 未知, 视频编解码器: 未知, 音频编解码器: 未知
分类: 📡卫视频道, 名称: 广东卫视, 有效: 6, IPv4: 275, IPv6: 0, 最小延迟: 25 ms, 最高速率: 8.77 M/s, 平均速率: 4.43 M/s, 最高分辨率: 1920x1080, 平均帧率: 29.55, 视频编解码器: h264, 音频编解码器: mp2
分类: 📡卫视频道, 名称: 浙江卫视, 有效: 10, IPv4: 269, IPv6: 0, 最小延迟: 27 ms, 最高速率: 25.43 M/s, 平均速率: 4.50 M/s, 最高分辨率: 1920x1080, 平均帧率: 30.00, 视频编解码器: h264, 音频编解码器: aac
分类: 📡卫视频道, 名称: 湖南卫视, 有效: 10, IPv4: 309, IPv6: 0, 最小延迟: 26 ms, 最高速率: 8.77 M/s, 平均速率: 4.11 M/s, 最高分辨率: 3840x2160, 平均帧率: 34.00, 视频编解码器: h264, 音频编解码器: aac
分类: 📡卫视频道, 名称: 北京卫视, 有效: 4, IPv4: 299, IPv6: 0, 最小延迟: 25 ms, 最高速率: 9.83 M/s, 平均速率: 5.81 M/s, 最高分辨率: 3840x2160, 平均帧率: 33.20, 视频编解码器: h264, 音频编解码器: mp2
分类: 📡卫视频道, 名称: 湖北卫视, 有效: 4, IPv4: 251, IPv6: 0, 最小延迟: 24 ms, 最高速率: 8.77 M/s, 平均速率: 4.30 M/s, 最高分辨率: 1920x1080, 平均帧率: 34.38, 视频编解码器: h264, 音频编解码器: mp2
分类: 📡卫视频道, 名称: 黑龙江卫视, 有效: 2, IPv4: 213, IPv6: 0, 最小延迟: 24 ms, 最高速率: 7.72 M/s, 平均速率: 4.46 M/s, 最高分辨率: 1920x1080, 平均帧率: 41.18, 视频编解码器: h264, 音频编解码器: mp2
分类: 📡卫视频道, 名称: 安徽卫视, 有效: 4, IPv4: 235, IPv6: 0, 最小延迟: 12 ms, 最高速率: 9.31 M/s, 平均速率: 4.92 M/s, 最高分辨率: 1920x1080, 平均帧率: 35.29, 视频编解码器: h264, 音频编解码器: mp2
分类: 📡卫视频道, 名称: 重庆卫视, 有效: 5, IPv4: 234, IPv6: 0, 最小延迟: 27 ms, 最高速率: 8.77 M/s, 平均速率: 4.78 M/s, 最高分辨率: 1920x1080, 平均帧率: 31.25, 视频编解码器: h264, 音频编解码器: mp2
分类: 📡卫视频道, 名称: 东方卫视, 有效: 6, IPv4: 246, IPv6: 0, 最小延迟: 25 ms, 最高速率: 11.19 M/s, 平均速率: 5.07 M/s, 最高分辨率: 1920x1080, 平均帧率: 32.61, 视频编解码器: h264, 音频编解码器: mp2
分类: 📡卫视频道, 名称: 东南卫视, 有效: 1, IPv4: 218, IPv6: 0, 最小延迟: 10 ms, 最高速率: 11.75 M/s, 平均速率: 5.23 M/s, 最高分辨率: 1920x1080, 平均帧率: 28.33, 视频编解码器: h264, 音频编解码器: mp2
分类: 📡卫视频道, 名称: 甘肃卫视, 有效: 1, IPv4: 112, IPv6: 0, 最小延迟: 27 ms, 最高速率: 7.84 M/s, 平均速率: 7.84 M/s, 最高分辨率: 1920x1080, 平均帧率: 32.14, 视频编解码器: h264, 音频编解码器: mp2
分类: 📡卫视频道, 名称: 广西卫视, 有效: 3, IPv4: 200, IPv6: 0, 最小延迟: 13 ms, 最高速率: 8.77 M/s, 平均速率: 6.58 M/s, 最高分辨率: 1920x1080, 平均帧率: 30.77, 视频编解码器: h264, 音频编解码器: mp2
分类: 📡卫视频道, 名称: 贵州卫视, 有效: 2, IPv4: 230, IPv6: 0, 最小延迟: 13 ms, 最高速率: 8.77 M/s, 平均速率: 8.21 M/s, 最高分辨率: 1920x1080, 平均帧率: 32.69, 视频编解码器: h264, 音频编解码器: aac
分类: 📡卫视频道, 名称: 海南卫视, 有效: 2, IPv4: 129, IPv6: 0, 最小延迟: 28 ms, 最高速率: 8.77 M/s, 平均速率: 4.64 M/s, 最高分辨率: 1920x1080, 平均帧率: 32.14, 视频编解码器: h264, 音频编解码器: aac
分类: 📡卫视频道, 名称: 河北卫视, 有效: 3, IPv4: 196, IPv6: 0, 最小延迟: 10 ms, 最高速率: 13.72 M/s, 平均速率: 3.70 M/s, 最高分辨率: 1920x1080, 平均帧率: 35.00, 视频编解码器: h264, 音频编解码器: mp2
分类: 📡卫视频道, 名称: 河南卫视, 有效: 2, IPv4: 222, IPv6: 0, 最小延迟: 71 ms, 最高速率: 11.03 M/s, 平均速率: 5.98 M/s, 最高分辨率: 1920x1080, 平均帧率: 40.62, 视频编解码器: h264, 音频编解码器: mp2
分类: 📡卫视频道, 名称: 吉林卫视, 有效: 2, IPv4: 183, IPv6: 0, 最小延迟: 11 ms, 最高速率: 11.50 M/s, 平均速率: 5.03 M/s, 最高分辨率: 1920x1080, 平均帧率: 33.33, 视频编解码器: h264, 音频编解码器: mp2
分类: 📡卫视频道, 名称: 江苏卫视, 有效: 3, IPv4: 267, IPv6: 0, 最小延迟: 25 ms, 最高速率: 132.98 M/s, 平均速率: 47.58 M/s, 最高分辨率: 1920x1080, 平均帧率: 36.84, 视频编解码器: h264, 音频编解码器: mp2
分类: 📡卫视频道, 名称: 江西卫视, 有效: 4, IPv4: 221, IPv6: 0, 最小延迟: 33 ms, 最高速率: 8.77 M/s, 平均速率: 2.89 M/s, 最高分辨率: 1920x1080, 平均帧率: 38.33, 视频编解码器: h264, 音频编解码器: mp2
分类: 📡卫视频道, 名称: 辽宁卫视, 有效: 5, IPv4: 240, IPv6: 0, 最小延迟: 440 ms, 最高速率: 8.77 M/s, 平均速率: 3.81 M/s, 最高分辨率: 1920x1080, 平均帧率: 39.77, 视频编解码器: h264, 音频编解码器: mp2
分类: 📡卫视频道, 名称: 内蒙古卫视, 有效: 1, IPv4: 96, IPv6: 0, 最小延迟: 24 ms, 最高速率: 8.77 M/s, 平均速率: 8.77 M/s, 最高分辨率: 1920x1080, 平均帧率: 25.00, 视频编解码器: h264, 音频编解码器: aac
分类: 📡卫视频道, 名称: 宁夏卫视, 有效: 2, IPv4: 127, IPv6: 0, 最小延迟: 6 ms, 最高速率: 14.38 M/s, 平均速率: 8.80 M/s, 最高分辨率: 1920x1080, 平均帧率: 37.50, 视频编解码器: h264, 音频编解码器: aac
分类: 📡卫视频道, 名称: 青海卫视, 有效: 4, IPv4: 142, IPv6: 0, 最小延迟: 30 ms, 最高速率: 8.77 M/s, 平均速率: 6.14 M/s, 最高分辨率: 1920x1080, 平均帧率: 34.38, 视频编解码器: h264, 音频编解码器: aac
分类: 📡卫视频道, 名称: 山东卫视, 有效: 3, IPv4: 227, IPv6: 0, 最小延迟: 25 ms, 最高速率: 4.01 M/s, 平均速率: 1.02 M/s, 最高分辨率: 1920x1080, 平均帧率: 34.38, 视频编解码器: h264, 音频编解码器: mp2
分类: 📡卫视频道, 名称: 山西卫视, 有效: 1, IPv4: 43, IPv6: 0, 最小延迟: 10 ms, 最高速率: 8.77 M/s, 平均速率: 8.77 M/s, 最高分辨率: 1920x1080, 平均帧率: 27.27, 视频编解码器: h264, 音频编解码器: aac
分类: 📡卫视频道, 名称: 陕西卫视, 有效: 4, IPv4: 49, IPv6: 0, 最小延迟: 29 ms, 最高速率: 7.72 M/s, 平均速率: 4.36 M/s, 最高分辨率: 1920x1080, 平均帧率: 37.50, 视频编解码器: h264, 音频编解码器: mp2
分类: 📡卫视频道, 名称: 四川卫视, 有效: 5, IPv4: 249, IPv6: 0, 最小延迟: 8 ms, 最高速率: 12.35 M/s, 平均速率: 3.60 M/s, 最高分辨率: 3840x2160, 平均帧率: 33.75, 视频编解码器: h264, 音频编解码器: aac
分类: 📡卫视频道, 名称: 深圳卫视, 有效: 5, IPv4: 244, IPv6: 0, 最小延迟: 14 ms, 最高速率: 10.92 M/s, 平均速率: 4.27 M/s, 最高分辨率: 1920x1080, 平均帧率: 30.74, 视频编解码器: h264, 音频编解码器: mp2
分类: 📡卫视频道, 名称: 三沙卫视, 有效: 3, IPv4: 42, IPv6: 0, 最小延迟: 805 ms, 最高速率: 6.24 M/s, 平均速率: 2.24 M/s, 最高分辨率: 1920x1080, 平均帧率: 25.00, 视频编解码器: h264, 音频编解码器: aac
分类: 📡卫视频道, 名称: 天津卫视, 有效: 3, IPv4: 248, IPv6: 0, 最小延迟: 15 ms, 最高速率: 8.77 M/s, 平均速率: 5.76 M/s, 最高分辨率: 1920x1080, 平均帧率: 39.29, 视频编解码器: h264, 音频编解码器: mp2
分类: 📡卫视频道, 名称: 西藏卫视, 有效: 3, IPv4: 93, IPv6: 0, 最小延迟: 27 ms, 最高速率: 8.77 M/s, 平均速率: 5.92 M/s, 最高分辨率: 1920x1080, 平均帧率: 40.91, 视频编解码器: h264, 音频编解码器: mp2
分类: 📡卫视频道, 名称: 新疆卫视, 有效: 2, IPv4: 113, IPv6: 0, 最小延迟: 7 ms, 最高速率: 14.54 M/s, 平均速率: 4.58 M/s, 最高分辨率: 1920x1080, 平均帧率: 29.17, 视频编解码器: h264, 音频编解码器: aac
分类: 广东频道, 名称: 潮州公共, 有效: 0, IPv4: 1, IPv6: 0, 最小延迟: -1 ms, 最高速率: 0.00 M/s, 平均速率: 0.00 M/s, 最高分辨率: None, 平均帧率: 未知, 视频编解码器: 未知, 音频编解码器: 未知
分类: 广东频道, 名称: 揭阳综合, 有效: 0, IPv4: 2, IPv6: 0, 最小延迟: -1 ms, 最高速率: 0.00 M/s, 平均速率: 0.00 M/s, 最高分辨率: None, 平均帧率: 未知, 视频编解码器: 未知, 音频编解码器: 未知
分类: 广东频道, 名称: 揭阳生活, 有效: 0, IPv4: 2, IPv6: 0, 最小延迟: -1 ms, 最高速率: 0.00 M/s, 平均速率: 0.00 M/s, 最高分辨率: None, 平均帧率: 未知, 视频编解码器: 未知, 音频编解码器: 未知
分类: 广东频道, 名称: 潮州综合, 有效: 0, IPv4: 2, IPv6: 0, 最小延迟: -1 ms, 最高速率: 0.00 M/s, 平均速率: 0.00 M/s, 最高分辨率: None, 平均帧率: 未知, 视频编解码器: 未知, 音频编解码器: 未知
分类: 广东频道, 名称: 汕头综合, 有效: 0, IPv4: 2, IPv6: 0, 最小延迟: -1 ms, 最高速率: 0.00 M/s, 平均速率: 0.00 M/s, 最高分辨率: None, 平均帧率: 未知, 视频编解码器: 未知, 音频编解码器: 未知
分类: 广东频道, 名称: 汕头文旅, 有效: 0, IPv4: 1, IPv6: 0, 最小延迟: -1 ms, 最高速率: 0.00 M/s, 平均速率: 0.00 M/s, 最高分辨率: None, 平均帧率: 未知, 视频编解码器: 未知, 音频编解码器: 未知
分类: 广东频道, 名称: 汕尾新闻综合, 有效: 0, IPv4: 2, IPv6: 0, 最小延迟: -1 ms, 最高速率: 0.00 M/s, 平均速率: 0.00 M/s, 最高分辨率: None, 平均帧率: 未知, 视频编解码器: 未知, 音频编解码器: 未知
分类: 广东频道, 名称: 汕尾文化生活, 有效: 0, IPv4: 2, IPv6: 0, 最小延迟: -1 ms, 最高速率: 0.00 M/s, 平均速率: 0.00 M/s, 最高分辨率: None, 平均帧率: 未知, 视频编解码器: 未知, 音频编解码器: 未知
分类: 📡卫视频道, 名称: 云南卫视, 有效: 3, IPv4: 163, IPv6: 0, 最小延迟: 431 ms, 最高速率: 8.77 M/s, 平均速率: 5.75 M/s, 最高分辨率: 1920x1080, 平均帧率: 41.67, 视频编解码器: h264, 音频编解码器: mp2
分类: 广东频道, 名称: 广东珠江, 有效: 1, IPv4: 45, IPv6: 0, 最小延迟: 358 ms, 最高速率: 5.38 M/s, 平均速率: 5.38 M/s, 最高分辨率: 1920x1080, 平均帧率: 25.00, 视频编解码器: h264, 音频编解码器: aac
分类: 广东频道, 名称: 广东新闻, 有效: 1, IPv4: 13, IPv6: 0, 最小延迟: 27 ms, 最高速率: 4.23 M/s, 平均速率: 4.23 M/s, 最高分辨率: 1920x1080, 平均帧率: 32.14, 视频编解码器: h264, 音频编解码器: mp2
分类: 广东频道, 名称: 广东民生, 有效: 1, IPv4: 20, IPv6: 0, 最小延迟: 2663 ms, 最高速率: 0.63 M/s, 平均速率: 0.63 M/s, 最高分辨率: 1920x1080, 平均帧率: 35.00, 视频编解码器: h264, 音频编解码器: mp2
分类: 广东频道, 名称: 广东体育, 有效: 0, IPv4: 43, IPv6: 0, 最小延迟: 834 ms, 最高速率: 0.40 M/s, 平均速率: 0.00 M/s, 最高分辨率: 1920x1080, 平均帧率: 35.71, 视频编解码器: h264, 音频编解码器: mp2
分类: 广东频道, 名称: 广东综艺, 有效: 0, IPv4: 5, IPv6: 0, 最小延迟: -1 ms, 最高速率: 0.00 M/s, 平均速率: 0.00 M/s, 最高分辨率: None, 平均帧率: 未知, 视频编解码器: 未知, 音频编解码器: 未知
分类: 广东频道, 名称: 广东影视, 有效: 1, IPv4: 15, IPv6: 0, 最小延迟: 7161 ms, 最高速率: 0.72 M/s, 平均速率: 0.72 M/s, 最高分辨率: 1920x1080, 平均帧率: 25.00, 视频编解码器: h264, 音频编解码器: aac
分类: 广东频道, 名称: 广东移动, 有效: 0, IPv4: 3, IPv6: 0, 最小延迟: 10758 ms, 最高速率: 0.01 M/s, 平均速率: 0.00 M/s, 最高分辨率: None, 平均帧率: 未知, 视频编解码器: 未知, 音频编解码器: 未知
分类: 广东频道, 名称: 广州综合, 有效: 8, IPv4: 10, IPv6: 0, 最小延迟: 1923 ms, 最高速率: 0.69 M/s, 平均速率: 0.61 M/s, 最高分辨率: 1280x720, 平均帧率: 25.00, 视频编解码器: h264, 音频编解码器: aac
分类: 广东频道, 名称: 广州影视, 有效: 0, IPv4: 3, IPv6: 0, 最小延迟: 620 ms, 最高速率: 0.00 M/s, 平均速率: 0.00 M/s, 最高分辨率: None, 平均帧率: 未知, 视频编解码器: 未知, 音频编解码器: 未知
分类: 广东频道, 名称: 广州法治, 有效: 0, IPv4: 3, IPv6: 0, 最小延迟: 356 ms, 最高速率: 0.00 M/s, 平均速率: 0.00 M/s, 最高分辨率: None, 平均帧率: 未知, 视频编解码器: 未知, 音频编解码器: 未知
分类: 广东频道, 名称: 广州新闻, 有效: 5, IPv4: 6, IPv6: 0, 最小延迟: 2055 ms, 最高速率: 0.58 M/s, 平均速率: 0.55 M/s, 最高分辨率: 1280x720, 平均帧率: 25.00, 视频编解码器: h264, 音频编解码器: aac
分类: 广东频道, 名称: 广州竞赛, 有效: 0, IPv4: 3, IPv6: 0, 最小延迟: 574 ms, 最高速率: 0.00 M/s, 平均速率: 0.00 M/s, 最高分辨率: None, 平均帧率: 未知, 视频编解码器: 未知, 音频编解码器: 未知
分类: 广东频道, 名称: 番禺宗合, 有效: 0, IPv4: 1, IPv6: 0, 最小延迟: -1 ms, 最高速率: 0.00 M/s, 平均速率: 0.00 M/s, 最高分辨率: None, 平均帧率: 未知, 视频编解码器: 未知, 音频编解码器: 未知
分类: 广东频道, 名称: 南国都市 4K, 有效: 4, IPv4: 4, IPv6: 0, 最小延迟: 2207 ms, 最高速率: 0.86 M/s, 平均速率: 0.74 M/s, 最高分辨率: 1920x1080, 平均帧率: 50.00, 视频编解码器: h264, 音频编解码器: aac
分类: 广东频道, 名称: 经济科教, 有效: 0, IPv4: 1, IPv6: 0, 最小延迟: 10739 ms, 最高速率: 0.01 M/s, 平均速率: 0.00 M/s, 最高分辨率: None, 平均帧率: 未知, 视频编解码器: 未知, 音频编解码器: 未知
分类: 广东频道, 名称: 深圳财经生活, 有效: 0, IPv4: 1, IPv6: 0, 最小延迟: -1 ms, 最高速率: 0.00 M/s, 平均速率: 0.00 M/s, 最高分辨率: None, 平均帧率: 未知, 视频编解码器: 未知, 音频编解码器: 未知
分类: 广东频道, 名称: 深圳体育健康, 有效: 0, IPv4: 1, IPv6: 0, 最小延迟: -1 ms, 最高速率: 0.00 M/s, 平均速率: 0.00 M/s, 最高分辨率: None, 平均帧率: 未知, 视频编解码器: 未知, 音频编解码器: 未知
分类: 广东频道, 名称: 深圳移动电视, 有效: 0, IPv4: 1, IPv6: 0, 最小延迟: -1 ms, 最高速率: 0.00 M/s, 平均速率: 0.00 M/s, 最高分辨率: None, 平均帧率: 未知, 视频编解码器: 未知, 音频编解码器: 未知
分类: 广东频道, 名称: 佛山公共, 有效: 0, IPv4: 1, IPv6: 0, 最小延迟: -1 ms, 最高速率: 0.00 M/s, 平均速率: 0.00 M/s, 最高分辨率: None, 平均帧率: 未知, 视频编解码器: 未知, 音频编解码器: 未知
分类: 广东频道, 名称: 深圳电视剧频道, 有效: 0, IPv4: 1, IPv6: 0, 最小延迟: 2772 ms, 最高速率: 0.11 M/s, 平均速率: 0.00 M/s, 最高分辨率: 1280x720, 平均帧率: 25.00, 视频编解码器: h264, 音频编解码器: aac
分类: 广东频道, 名称: 深圳都市频道, 有效: 0, IPv4: 1, IPv6: 0, 最小延迟: 4300 ms, 最高速率: 0.10 M/s, 平均速率: 0.00 M/s, 最高分辨率: 1280x720, 平均帧率: 25.00, 视频编解码器: h264, 音频编解码器: aac
分类: 广东频道, 名称: 佛山南海, 有效: 0, IPv4: 2, IPv6: 0, 最小延迟: -1 ms, 最高速率: 0.00 M/s, 平均速率: 0.00 M/s, 最高分辨率: None, 平均帧率: 未知, 视频编解码器: 未知, 音频编解码器: 未知
分类: 广东频道, 名称: 佛山顺德, 有效: 0, IPv4: 1, IPv6: 0, 最小延迟: -1 ms, 最高速率: 0.00 M/s, 平均速率: 0.00 M/s, 最高分辨率: None, 平均帧率: 未知, 视频编解码器: 未知, 音频编解码器: 未知
分类: 广东频道, 名称: 佛山影视, 有效: 0, IPv4: 1, IPv6: 0, 最小延迟: -1 ms, 最高速率: 0.00 M/s, 平均速率: 0.00 M/s, 最高分辨率: None, 平均帧率: 未知, 视频编解码器: 未知, 音频编解码器: 未知
分类: 广东频道, 名称: 大湾区卫视, 有效: 3, IPv4: 38, IPv6: 0, 最小延迟: 361 ms, 最高速率: 8.13 M/s, 平均速率: 6.80 M/s, 最高分辨率: 3840x2160, 平均帧率: 32.14, 视频编解码器: h264, 音频编解码器: aac
分类: 广东频道, 名称: 佛山综合, 有效: 0, IPv4: 1, IPv6: 0, 最小延迟: -1 ms, 最高速率: 0.00 M/s, 平均速率: 0.00 M/s, 最高分辨率: None, 平均帧率: 未知, 视频编解码器: 未知, 音频编解码器: 未知
分类: 广东频道, 名称: 东莞新闻综合, 有效: 2, IPv4: 4, IPv6: 0, 最小延迟: 1078 ms, 最高速率: 0.44 M/s, 平均速率: 0.39 M/s, 最高分辨率: 1280x720, 平均帧率: 25.00, 视频编解码器: h264, 音频编解码器: aac
分类: 广东频道, 名称: 中山综合, 有效: 0, IPv4: 1, IPv6: 0, 最小延迟: -1 ms, 最高速率: 0.00 M/s, 平均速率: 0.00 M/s, 最高分辨率: None, 平均帧率: 未知, 视频编解码器: 未知, 音频编解码器: 未知
分类: 广东频道, 名称: 中山教育, 有效: 0, IPv4: 1, IPv6: 0, 最小延迟: -1 ms, 最高速率: 0.00 M/s, 平均速率: 0.00 M/s, 最高分辨率: None, 平均帧率: 未知, 视频编解码器: 未知, 音频编解码器: 未知
分类: 广东频道, 名称: 惠州综合, 有效: 0, IPv4: 2, IPv6: 0, 最小延迟: -1 ms, 最高速率: 0.00 M/s, 平均速率: 0.00 M/s, 最高分辨率: None, 平均帧率: 未知, 视频编解码器: 未知, 音频编解码器: 未知
分类: 广东频道, 名称: 深圳少儿频道, 有效: 0, IPv4: 1, IPv6: 0, 最小延迟: 10141 ms, 最高速率: 0.01 M/s, 平均速率: 0.00 M/s, 最高分辨率: None, 平均帧率: 未知, 视频编解码器: 未知, 音频编解码器: 未知
分类: 广东频道, 名称: 惠州公共, 有效: 0, IPv4: 2, IPv6: 0, 最小延迟: -1 ms, 最高速率: 0.00 M/s, 平均速率: 0.00 M/s, 最高分辨率: None, 平均帧率: 未知, 视频编解码器: 未知, 音频编解码器: 未知
分类: 广东频道, 名称: 韶关新闻综合, 有效: 0, IPv4: 1, IPv6: 0, 最小延迟: -1 ms, 最高速率: 0.00 M/s, 平均速率: 0.00 M/s, 最高分辨率: None, 平均帧率: 未知, 视频编解码器: 未知, 音频编解码器: 未知
分类: 广东频道, 名称: 湛江公共, 有效: 0, IPv4: 1, IPv6: 0, 最小延迟: -1 ms, 最高速率: 0.00 M/s, 平均速率: 0.00 M/s, 最高分辨率: None, 平均帧率: 未知, 视频编解码器: 未知, 音频编解码器: 未知
分类: 广东频道, 名称: 湛江新闻综合, 有效: 0, IPv4: 2, IPv6: 0, 最小延迟: -1 ms, 最高速率: 0.00 M/s, 平均速率: 0.00 M/s, 最高分辨率: None, 平均帧率: 未知, 视频编解码器: 未知, 音频编解码器: 未知
分类: 广东频道, 名称: 江门综合, 有效: 0, IPv4: 2, IPv6: 0, 最小延迟: -1 ms, 最高速率: 0.00 M/s, 平均速率: 0.00 M/s, 最高分辨率: None, 平均帧率: 未知, 视频编解码器: 未知, 音频编解码器: 未知
分类: 广东频道, 名称: 江门侨乡生活, 有效: 0, IPv4: 2, IPv6: 0, 最小延迟: -1 ms, 最高速率: 0.00 M/s, 平均速率: 0.00 M/s, 最高分辨率: None, 平均帧率: 未知, 视频编解码器: 未知, 音频编解码器: 未知
分类: 广东频道, 名称: 肇庆综合, 有效: 0, IPv4: 1, IPv6: 0, 最小延迟: -1 ms, 最高速率: 0.00 M/s, 平均速率: 0.00 M/s, 最高分辨率: None, 平均帧率: 未知, 视频编解码器: 未知, 音频编解码器: 未知
分类: 广东频道, 名称: 肇庆生活服务, 有效: 0, IPv4: 1, IPv6: 0, 最小延迟: -1 ms, 最高速率: 0.00 M/s, 平均速率: 0.00 M/s, 最高分辨率: None, 平均帧率: 未知, 视频编解码器: 未知, 音频编解码器: 未知
分类: 广东频道, 名称: 东莞生活资讯, 有效: 3, IPv4: 5, IPv6: 0, 最小延迟: 1162 ms, 最高速率: 0.51 M/s, 平均速率: 0.44 M/s, 最高分辨率: 1280x720, 平均帧率: 25.00, 视频编解码器: h264, 音频编解码器: aac
分类: 广东频道, 名称: 河源综合, 有效: 0, IPv4: 5, IPv6: 0, 最小延迟: 5865 ms, 最高速率: 0.16 M/s, 平均速率: 0.00 M/s, 最高分辨率: 960x540, 平均帧率: 25.00, 视频编解码器: h264, 音频编解码器: aac
分类: 广东频道, 名称: 清远文旅生活, 有效: 0, IPv4: 1, IPv6: 0, 最小延迟: -1 ms, 最高速率: 0.00 M/s, 平均速率: 0.00 M/s, 最高分辨率: None, 平均帧率: 未知, 视频编解码器: 未知, 音频编解码器: 未知
分类: 广东频道, 名称: 云浮综合, 有效: 0, IPv4: 1, IPv6: 0, 最小延迟: -1 ms, 最高速率: 0.00 M/s, 平均速率: 0.00 M/s, 最高分辨率: None, 平均帧率: 未知, 视频编解码器: 未知, 音频编解码器: 未知
分类: 广东频道, 名称: 清远新闻综合, 有效: 0, IPv4: 2, IPv6: 0, 最小延迟: 1127 ms, 最高速率: 0.19 M/s, 平均速率: 0.00 M/s, 最高分辨率: 1920x1080, 平均帧率: 25.00, 视频编解码器: h264, 音频编解码器: aac
分类: 广东频道, 名称: 云浮文旅, 有效: 0, IPv4: 1, IPv6: 0, 最小延迟: -1 ms, 最高速率: 0.00 M/s, 平均速率: 0.00 M/s, 最高分辨率: None, 平均帧率: 未知, 视频编解码器: 未知, 音频编解码器: 未知
分类: 广东频道, 名称: 茂名综合, 有效: 0, IPv4: 1, IPv6: 0, 最小延迟: -1 ms, 最高速率: 0.00 M/s, 平均速率: 0.00 M/s, 最高分辨率: None, 平均帧率: 未知, 视频编解码器: 未知, 音频编解码器: 未知
分类: 广东频道, 名称: 茂名公共, 有效: 0, IPv4: 1, IPv6: 0, 最小延迟: -1 ms, 最高速率: 0.00 M/s, 平均速率: 0.00 M/s, 最高分辨率: None, 平均帧率: 未知, 视频编解码器: 未知, 音频编解码器: 未知
分类: 广东频道, 名称: 徐闻综合, 有效: 0, IPv4: 1, IPv6: 0, 最小延迟: -1 ms, 最高速率: 0.00 M/s, 平均速率: 0.00 M/s, 最高分辨率: None, 平均帧率: 未知, 视频编解码器: 未知, 音频编解码器: 未知
分类: 广东频道, 名称: 河源公共, 有效: 0, IPv4: 5, IPv6: 0, 最小延迟: 7352 ms, 最高速率: 0.19 M/s, 平均速率: 0.00 M/s, 最高分辨率: 960x540, 平均帧率: 25.00, 视频编解码器: h264, 音频编解码器: aac
分类: 港澳台, 名称: 凤凰中文, 有效: 0, IPv4: 73, IPv6: 0, 最小延迟: 152 ms, 最高速率: 3.35 M/s, 平均速率: 0.00 M/s, 最高分辨率: 1920x1080, 平均帧率: 31.00, 视频编解码器: mpeg2video, 音频编解码器: mp2
分类: 港澳台, 名称: 凤凰资讯, 有效: 0, IPv4: 77, IPv6: 0, 最小延迟: 138 ms, 最高速率: 2.91 M/s, 平均速率: 0.00 M/s, 最高分辨率: 720x576, 平均帧率: 27.50, 视频编解码器: h264, 音频编解码器: aac
分类: 港澳台, 名称: TVB娱乐新闻台, 有效: 0, IPv4: 1, IPv6: 0, 最小延迟: -1 ms, 最高速率: 0.00 M/s, 平均速率: 0.00 M/s, 最高分辨率: None, 平均帧率: 未知, 视频编解码器: 未知, 音频编解码器: 未知
分类: 港澳台, 名称: 无线星河粤, 有效: 0, IPv4: 1, IPv6: 0, 最小延迟: -1 ms, 最高速率: 0.00 M/s, 平均速率: 0.00 M/s, 最高分辨率: None, 平均帧率: 未知, 视频编解码器: 未知, 音频编解码器: 未知
分类: 港澳台, 名称: TVB星河(粤), 有效: 0, IPv4: 2, IPv6: 0, 最小延迟: -1 ms, 最高速率: 0.00 M/s, 平均速率: 0.00 M/s, 最高分辨率: None, 平均帧率: 未知, 视频编解码器: 未知, 音频编解码器: 未知
分类: 港澳台, 名称: 无线翡翠, 有效: 0, IPv4: 1, IPv6: 0, 最小延迟: -1 ms, 最高速率: 0.00 M/s, 平均速率: 0.00 M/s, 最高分辨率: None, 平均帧率: 未知, 视频编解码器: 未知, 音频编解码器: 未知
分类: 港澳台, 名称: 无线星河, 有效: 0, IPv4: 1, IPv6: 0, 最小延迟: -1 ms, 最高速率: 0.00 M/s, 平均速率: 0.00 M/s, 最高分辨率: None, 平均帧率: 未知, 视频编解码器: 未知, 音频编解码器: 未知
分类: 港澳台, 名称: 无线华丽, 有效: 0, IPv4: 6, IPv6: 0, 最小延迟: -1 ms, 最高速率: 0.00 M/s, 平均速率: 0.00 M/s, 最高分辨率: None, 平均帧率: 未知, 视频编解码器: 未知, 音频编解码器: 未知
分类: 港澳台, 名称: 千禧经典台, 有效: 0, IPv4: 1, IPv6: 0, 最小延迟: -1 ms, 最高速率: 0.00 M/s, 平均速率: 0.00 M/s, 最高分辨率: None, 平均帧率: 未知, 视频编解码器: 未知, 音频编解码器: 未知
分类: 港澳台, 名称: 娱乐新闻台, 有效: 0, IPv4: 1, IPv6: 0, 最小延迟: -1 ms, 最高速率: 0.00 M/s, 平均速率: 0.00 M/s, 最高分辨率: None, 平均帧率: 未知, 视频编解码器: 未知, 音频编解码器: 未知
分类: 港澳台, 名称: 美亚电影台(HK), 有效: 0, IPv4: 1, IPv6: 0, 最小延迟: -1 ms, 最高速率: 0.00 M/s, 平均速率: 0.00 M/s, 最高分辨率: None, 平均帧率: 未知, 视频编解码器: 未知, 音频编解码器: 未知
分类: 港澳台, 名称: 龍華日韓台, 有效: 0, IPv4: 2, IPv6: 0, 最小延迟: 814 ms, 最高速率: 0.00 M/s, 平均速率: 0.00 M/s, 最高分辨率: None, 平均帧率: 未知, 视频编解码器: 未知, 音频编解码器: 未知
分类: 港澳台, 名称: 星空卫视, 有效: 0, IPv4: 16, IPv6: 0, 最小延迟: 3265 ms, 最高速率: 0.09 M/s, 平均速率: 0.00 M/s, 最高分辨率: 720x576, 平均帧率: 50.00, 视频编解码器: h264, 音频编解码器: mp2
分类: 港澳台, 名称: 无线功夫, 有效: 0, IPv4: 2, IPv6: 0, 最小延迟: -1 ms, 最高速率: 0.00 M/s, 平均速率: 0.00 M/s, 最高分辨率: None, 平均帧率: 未知, 视频编解码器: 未知, 音频编解码器: 未知
分类: 港澳台, 名称: 香港 C+, 有效: 1, IPv4: 1, IPv6: 0, 最小延迟: 2249 ms, 最高速率: 0.82 M/s, 平均速率: 0.82 M/s, 最高分辨率: 1920x1080, 平均帧率: 25.00, 视频编解码器: h264, 音频编解码器: aac
分类: 港澳台, 名称: Astr剧集, 有效: 0, IPv4: 1, IPv6: 0, 最小延迟: -1 ms, 最高速率: 0.00 M/s, 平均速率: 0.00 M/s, 最高分辨率: None, 平均帧率: 未知, 视频编解码器: 未知, 音频编解码器: 未知
分类: 港澳台, 名称: 凤凰香港, 有效: 0, IPv4: 48, IPv6: 0, 最小延迟: 137 ms, 最高速率: 3.64 M/s, 平均速率: 0.00 M/s, 最高分辨率: 840x480, 平均帧率: 30.00, 视频编解码器: h264, 音频编解码器: aac
分类: 港澳台, 名称: 香港面包, 有效: 2, IPv4: 2, IPv6: 0, 最小延迟: 3096 ms, 最高速率: 1.11 M/s, 平均速率: 1.02 M/s, 最高分辨率: 1920x1080, 平均帧率: 30.00, 视频编解码器: h264, 音频编解码器: aac
分类: 港澳台, 名称: 动作电影, 有效: 0, IPv4: 3, IPv6: 0, 最小延迟: -1 ms, 最高速率: 0.00 M/s, 平均速率: 0.00 M/s, 最高分辨率: None, 平均帧率: 未知, 视频编解码器: 未知, 音频编解码器: 未知
分类: 港澳台, 名称: 佛卫慈悲台, 有效: 0, IPv4: 1, IPv6: 0, 最小延迟: -1 ms, 最高速率: 0.00 M/s, 平均速率: 0.00 M/s, 最高分辨率: None, 平均帧率: 未知, 视频编解码器: 未知, 音频编解码器: 未知
分类: 港澳台, 名称: 28 AI 智慧賽馬, 有效: 0, IPv4: 1, IPv6: 0, 最小延迟: -1 ms, 最高速率: 0.00 M/s, 平均速率: 0.00 M/s, 最高分辨率: None, 平均帧率: 未知, 视频编解码器: 未知, 音频编解码器: 未知
分类: 港澳台, 名称: Channel 5 HD, 有效: 0, IPv4: 1, IPv6: 0, 最小延迟: -1 ms, 最高速率: 0.00 M/s, 平均速率: 0.00 M/s, 最高分辨率: None, 平均帧率: 未知, 视频编解码器: 未知, 音频编解码器: 未知
分类: 港澳台, 名称: Channel 8 HD, 有效: 0, IPv4: 1, IPv6: 0, 最小延迟: -1 ms, 最高速率: 0.00 M/s, 平均速率: 0.00 M/s, 最高分辨率: None, 平均帧率: 未知, 视频编解码器: 未知, 音频编解码器: 未知
分类: 港澳台, 名称: Channel U HD, 有效: 0, IPv4: 1, IPv6: 0, 最小延迟: -1 ms, 最高速率: 0.00 M/s, 平均速率: 0.00 M/s, 最高分辨率: None, 平均帧率: 未知, 视频编解码器: 未知, 音频编解码器: 未知
分类: 港澳台, 名称: myTV SUPER 18台, 有效: 0, IPv4: 1, IPv6: 0, 最小延迟: -1 ms, 最高速率: 0.00 M/s, 平均速率: 0.00 M/s, 最高分辨率: None, 平均帧率: 未知, 视频编解码器: 未知, 音频编解码器: 未知
分类: 港澳台, 名称: ROCK Action, 有效: 0, IPv4: 1, IPv6: 0, 最小延迟: -1 ms, 最高速率: 0.00 M/s, 平均速率: 0.00 M/s, 最高分辨率: None, 平均帧率: 未知, 视频编解码器: 未知, 音频编解码器: 未知
分类: 港澳台, 名称: 家庭影院, 有效: 0, IPv4: 1, IPv6: 0, 最小延迟: -1 ms, 最高速率: 0.00 M/s, 平均速率: 0.00 M/s, 最高分辨率: None, 平均帧率: 未知, 视频编解码器: 未知, 音频编解码器: 未知
分类: 港澳台, 名称: 爱尔达体育1台, 有效: 0, IPv4: 1, IPv6: 0, 最小延迟: -1 ms, 最高速率: 0.00 M/s, 平均速率: 0.00 M/s, 最高分辨率: None, 平均帧率: 未知, 视频编解码器: 未知, 音频编解码器: 未知
分类: 港澳台, 名称: 爱尔达体育1台(备), 有效: 0, IPv4: 1, IPv6: 0, 最小延迟: -1 ms, 最高速率: 0.00 M/s, 平均速率: 0.00 M/s, 最高分辨率: None, 平均帧率: 未知, 视频编解码器: 未知, 音频编解码器: 未知
分类: 港澳台, 名称: 爱尔达体育2台, 有效: 0, IPv4: 1, IPv6: 0, 最小延迟: -1 ms, 最高速率: 0.00 M/s, 平均速率: 0.00 M/s, 最高分辨率: None, 平均帧率: 未知, 视频编解码器: 未知, 音频编解码器: 未知
分类: 港澳台, 名称: 爱尔达体育3台, 有效: 0, IPv4: 1, IPv6: 0, 最小延迟: -1 ms, 最高速率: 0.00 M/s, 平均速率: 0.00 M/s, 最高分辨率: None, 平均帧率: 未知, 视频编解码器: 未知, 音频编解码器: 未知
分类: 港澳台, 名称: 爱尔达体育4台, 有效: 0, IPv4: 1, IPv6: 0, 最小延迟: -1 ms, 最高速率: 0.00 M/s, 平均速率: 0.00 M/s, 最高分辨率: None, 平均帧率: 未知, 视频编解码器: 未知, 音频编解码器: 未知
分类: 港澳台, 名称: 爱尔达影剧台, 有效: 0, IPv4: 1, IPv6: 0, 最小延迟: -1 ms, 最高速率: 0.00 M/s, 平均速率: 0.00 M/s, 最高分辨率: None, 平均帧率: 未知, 视频编解码器: 未知, 音频编解码器: 未知
分类: 港澳台, 名称: 爱尔达娱乐, 有效: 0, IPv4: 1, IPv6: 0, 最小延迟: -1 ms, 最高速率: 0.00 M/s, 平均速率: 0.00 M/s, 最高分辨率: None, 平均帧率: 未知, 视频编解码器: 未知, 音频编解码器: 未知
分类: 港澳台, 名称: TVB Plus, 有效: 0, IPv4: 8, IPv6: 0, 最小延迟: -1 ms, 最高速率: 0.00 M/s, 平均速率: 0.00 M/s, 最高分辨率: None, 平均帧率: 未知, 视频编解码器: 未知, 音频编解码器: 未知
分类: 港澳台, 名称: 澳门莲花, 有效: 0, IPv4: 3, IPv6: 0, 最小延迟: -1 ms, 最高速率: 0.00 M/s, 平均速率: 0.00 M/s, 最高分辨率: None, 平均帧率: 未知, 视频编解码器: 未知, 音频编解码器: 未知
分类: 港澳台, 名称: Now星影台, 有效: 0, IPv4: 1, IPv6: 0, 最小延迟: 631 ms, 最高速率: 0.00 M/s, 平均速率: 0.00 M/s, 最高分辨率: None, 平均帧率: 未知, 视频编解码器: 未知, 音频编解码器: 未知
分类: 港澳台, 名称: 美亚电影, 有效: 0, IPv4: 13, IPv6: 0, 最小延迟: -1 ms, 最高速率: 0.00 M/s, 平均速率: 0.00 M/s, 最高分辨率: None, 平均帧率: 未知, 视频编解码器: 未知, 音频编解码器: 未知
分类: 港澳台, 名称: lus即时, 有效: 0, IPv4: 1, IPv6: 0, 最小延迟: 1011 ms, 最高速率: 0.14 M/s, 平均速率: 0.00 M/s, 最高分辨率: 1920x1080, 平均帧率: 20.00, 视频编解码器: h264, 音频编解码器: aac
分类: 港澳台, 名称: 澳视澳门, 有效: 0, IPv4: 5, IPv6: 0, 最小延迟: 1126 ms, 最高速率: 0.14 M/s, 平均速率: 0.00 M/s, 最高分辨率: 1920x1080, 平均帧率: 25.00, 视频编解码器: h264, 音频编解码器: aac
分类: 港澳台, 名称: 澳亚卫视, 有效: 0, IPv4: 7, IPv6: 0, 最小延迟: -1 ms, 最高速率: 0.00 M/s, 平均速率: 0.00 M/s, 最高分辨率: None, 平均帧率: 未知, 视频编解码器: 未知, 音频编解码器: 未知
分类: 港澳台, 名称: 澳门资讯, 有效: 0, IPv4: 5, IPv6: 0, 最小延迟: 5572 ms, 最高速率: 0.37 M/s, 平均速率: 0.00 M/s, 最高分辨率: 1920x1080, 平均帧率: 25.00, 视频编解码器: h264, 音频编解码器: aac
分类: 港澳台, 名称: 八大第一台, 有效: 0, IPv4: 2, IPv6: 0, 最小延迟: -1 ms, 最高速率: 0.00 M/s, 平均速率: 0.00 M/s, 最高分辨率: None, 平均帧率: 未知, 视频编解码器: 未知, 音频编解码器: 未知
分类: 港澳台, 名称: 八大精彩台, 有效: 0, IPv4: 1, IPv6: 0, 最小延迟: 586 ms, 最高速率: 0.00 M/s, 平均速率: 0.00 M/s, 最高分辨率: None, 平均帧率: 未知, 视频编解码器: 未知, 音频编解码器: 未知
分类: 港澳台, 名称: 八大精彩, 有效: 0, IPv4: 4, IPv6: 0, 最小延迟: -1 ms, 最高速率: 0.00 M/s, 平均速率: 0.00 M/s, 最高分辨率: None, 平均帧率: 未知, 视频编解码器: 未知, 音频编解码器: 未知
分类: 港澳台, 名称: 八大戏剧台, 有效: 0, IPv4: 1, IPv6: 0, 最小延迟: -1 ms, 最高速率: 0.00 M/s, 平均速率: 0.00 M/s, 最高分辨率: None, 平均帧率: 未知, 视频编解码器: 未知, 音频编解码器: 未知
分类: 港澳台, 名称: 八大优频道, 有效: 0, IPv4: 1, IPv6: 0, 最小延迟: -1 ms, 最高速率: 0.00 M/s, 平均速率: 0.00 M/s, 最高分辨率: None, 平均帧率: 未知, 视频编解码器: 未知, 音频编解码器: 未知
分类: 港澳台, 名称: 八大娱乐台, 有效: 0, IPv4: 1, IPv6: 0, 最小延迟: -1 ms, 最高速率: 0.00 M/s, 平均速率: 0.00 M/s, 最高分辨率: None, 平均帧率: 未知, 视频编解码器: 未知, 音频编解码器: 未知
分类: 港澳台, 名称: 八大戏剧, 有效: 1, IPv4: 12, IPv6: 0, 最小延迟: 405 ms, 最高速率: 0.25 M/s, 平均速率: 0.25 M/s, 最高分辨率: 1280x720, 平均帧率: 25.00, 视频编解码器: h264, 音频编解码器: aac
分类: 港澳台, 名称: 八大第一, 有效: 0, IPv4: 12, IPv6: 0, 最小延迟: 202 ms, 最高速率: 0.00 M/s, 平均速率: 0.00 M/s, 最高分辨率: None, 平均帧率: 未知, 视频编解码器: 未知, 音频编解码器: 未知
分类: 港澳台, 名称: 八大综合台, 有效: 0, IPv4: 1, IPv6: 0, 最小延迟: -1 ms, 最高速率: 0.00 M/s, 平均速率: 0.00 M/s, 最高分辨率: None, 平均帧率: 未知, 视频编解码器: 未知, 音频编解码器: 未知
分类: 港澳台, 名称: 博斯高球, 有效: 0, IPv4: 1, IPv6: 0, 最小延迟: -1 ms, 最高速率: 0.00 M/s, 平均速率: 0.00 M/s, 最高分辨率: None, 平均帧率: 未知, 视频编解码器: 未知, 音频编解码器: 未知
分类: 港澳台, 名称: 博斯高球1, 有效: 0, IPv4: 1, IPv6: 0, 最小延迟: -1 ms, 最高速率: 0.00 M/s, 平均速率: 0.00 M/s, 最高分辨率: None, 平均帧率: 未知, 视频编解码器: 未知, 音频编解码器: 未知
分类: 港澳台, 名称: 博斯高球2, 有效: 0, IPv4: 1, IPv6: 0, 最小延迟: -1 ms, 最高速率: 0.00 M/s, 平均速率: 0.00 M/s, 最高分辨率: None, 平均帧率: 未知, 视频编解码器: 未知, 音频编解码器: 未知
分类: 港澳台, 名称: 博斯魅力, 有效: 0, IPv4: 2, IPv6: 0, 最小延迟: -1 ms, 最高速率: 0.00 M/s, 平均速率: 0.00 M/s, 最高分辨率: None, 平均帧率: 未知, 视频编解码器: 未知, 音频编解码器: 未知
分类: 港澳台, 名称: 博斯魅力网, 有效: 0, IPv4: 1, IPv6: 0, 最小延迟: -1 ms, 最高速率: 0.00 M/s, 平均速率: 0.00 M/s, 最高分辨率: None, 平均帧率: 未知, 视频编解码器: 未知, 音频编解码器: 未知
分类: 港澳台, 名称: 博斯网球, 有效: 0, IPv4: 2, IPv6: 0, 最小延迟: -1 ms, 最高速率: 0.00 M/s, 平均速率: 0.00 M/s, 最高分辨率: None, 平均帧率: 未知, 视频编解码器: 未知, 音频编解码器: 未知
分类: 港澳台, 名称: 博斯网球台, 有效: 0, IPv4: 1, IPv6: 0, 最小延迟: -1 ms, 最高速率: 0.00 M/s, 平均速率: 0.00 M/s, 最高分辨率: None, 平均帧率: 未知, 视频编解码器: 未知, 音频编解码器: 未知
分类: 港澳台, 名称: 博斯无限1, 有效: 0, IPv4: 1, IPv6: 0, 最小延迟: -1 ms, 最高速率: 0.00 M/s, 平均速率: 0.00 M/s, 最高分辨率: None, 平均帧率: 未知, 视频编解码器: 未知, 音频编解码器: 未知
分类: 港澳台, 名称: 博斯无限2, 有效: 0, IPv4: 1, IPv6: 0, 最小延迟: -1 ms, 最高速率: 0.00 M/s, 平均速率: 0.00 M/s, 最高分辨率: None, 平均帧率: 未知, 视频编解码器: 未知, 音频编解码器: 未知
分类: 港澳台, 名称: 博斯无限二台, 有效: 0, IPv4: 1, IPv6: 0, 最小延迟: -1 ms, 最高速率: 0.00 M/s, 平均速率: 0.00 M/s, 最高分辨率: None, 平均帧率: 未知, 视频编解码器: 未知, 音频编解码器: 未知
分类: 港澳台, 名称: 博斯无限台, 有效: 0, IPv4: 1, IPv6: 0, 最小延迟: -1 ms, 最高速率: 0.00 M/s, 平均速率: 0.00 M/s, 最高分辨率: None, 平均帧率: 未知, 视频编解码器: 未知, 音频编解码器: 未知
分类: 港澳台, 名称: 博斯运动, 有效: 0, IPv4: 2, IPv6: 0, 最小延迟: -1 ms, 最高速率: 0.00 M/s, 平均速率: 0.00 M/s, 最高分辨率: None, 平均帧率: 未知, 视频编解码器: 未知, 音频编解码器: 未知
分类: 港澳台, 名称: 博斯运动1, 有效: 0, IPv4: 1, IPv6: 0, 最小延迟: -1 ms, 最高速率: 0.00 M/s, 平均速率: 0.00 M/s, 最高分辨率: None, 平均帧率: 未知, 视频编解码器: 未知, 音频编解码器: 未知
分类: 港澳台, 名称: 博斯运动2, 有效: 0, IPv4: 1, IPv6: 0, 最小延迟: -1 ms, 最高速率: 0.00 M/s, 平均速率: 0.00 M/s, 最高分辨率: None, 平均帧率: 未知, 视频编解码器: 未知, 音频编解码器: 未知
分类: 港澳台, 名称: 博斯运动二台, 有效: 0, IPv4: 1, IPv6: 0, 最小延迟: -1 ms, 最高速率: 0.00 M/s, 平均速率: 0.00 M/s, 最高分辨率: None, 平均帧率: 未知, 视频编解码器: 未知, 音频编解码器: 未知
分类: 港澳台, 名称: 采昌影剧台, 有效: 0, IPv4: 1, IPv6: 0, 最小延迟: -1 ms, 最高速率: 0.00 M/s, 平均速率: 0.00 M/s, 最高分辨率: None, 平均帧率: 未知, 视频编解码器: 未知, 音频编解码器: 未知
分类: 港澳台, 名称: 大爱2台, 有效: 0, IPv4: 2, IPv6: 0, 最小延迟: -1 ms, 最高速率: 0.00 M/s, 平均速率: 0.00 M/s, 最高分辨率: None, 平均帧率: 未知, 视频编解码器: 未知, 音频编解码器: 未知
分类: 港澳台, 名称: 东森财经新闻台, 有效: 0, IPv4: 1, IPv6: 0, 最小延迟: -1 ms, 最高速率: 0.00 M/s, 平均速率: 0.00 M/s, 最高分辨率: None, 平均帧率: 未知, 视频编解码器: 未知, 音频编解码器: 未知
分类: 港澳台, 名称: 东森财经, 有效: 0, IPv4: 4, IPv6: 0, 最小延迟: -1 ms, 最高速率: 0.00 M/s, 平均速率: 0.00 M/s, 最高分辨率: None, 平均帧率: 未知, 视频编解码器: 未知, 音频编解码器: 未知
分类: 港澳台, 名称: 博斯高球二台, 有效: 0, IPv4: 2, IPv6: 0, 最小延迟: 414 ms, 最高速率: 0.00 M/s, 平均速率: 0.00 M/s, 最高分辨率: None, 平均帧率: 未知, 视频编解码器: 未知, 音频编解码器: 未知
分类: 港澳台, 名称: 半岛新闻, 有效: 1, IPv4: 1, IPv6: 0, 最小延迟: 1958 ms, 最高速率: 5.49 M/s, 平均速率: 5.49 M/s, 最高分辨率: 1280x720, 平均帧率: 25.00, 视频编解码器: h264, 音频编解码器: aac
分类: 港澳台, 名称: 东森超视, 有效: 1, IPv4: 22, IPv6: 0, 最小延迟: 2313 ms, 最高速率: 0.65 M/s, 平均速率: 0.65 M/s, 最高分辨率: 1920x1080, 平均帧率: 29.97, 视频编解码器: h264, 音频编解码器: aac
分类: 港澳台, 名称: 八大综合, 有效: 0, IPv4: 11, IPv6: 0, 最小延迟: 405 ms, 最高速率: 0.00 M/s, 平均速率: 0.00 M/s, 最高分辨率: None, 平均帧率: 未知, 视频编解码器: 未知, 音频编解码器: 未知
分类: 港澳台, 名称: 东森电影台, 有效: 0, IPv4: 1, IPv6: 0, 最小延迟: -1 ms, 最高速率: 0.00 M/s, 平均速率: 0.00 M/s, 最高分辨率: None, 平均帧率: 未知, 视频编解码器: 未知, 音频编解码器: 未知
分类: 港澳台, 名称: 东森戏剧台, 有效: 0, IPv4: 1, IPv6: 0, 最小延迟: -1 ms, 最高速率: 0.00 M/s, 平均速率: 0.00 M/s, 最高分辨率: None, 平均帧率: 未知, 视频编解码器: 未知, 音频编解码器: 未知
分类: 港澳台, 名称: 东森新闻台, 有效: 0, IPv4: 1, IPv6: 0, 最小延迟: -1 ms, 最高速率: 0.00 M/s, 平均速率: 0.00 M/s, 最高分辨率: None, 平均帧率: 未知, 视频编解码器: 未知, 音频编解码器: 未知
分类: 港澳台, 名称: 东森新闻台(备), 有效: 0, IPv4: 1, IPv6: 0, 最小延迟: -1 ms, 最高速率: 0.00 M/s, 平均速率: 0.00 M/s, 最高分辨率: None, 平均帧率: 未知, 视频编解码器: 未知, 音频编解码器: 未知
分类: 港澳台, 名称: 东森洋片台, 有效: 0, IPv4: 1, IPv6: 0, 最小延迟: -1 ms, 最高速率: 0.00 M/s, 平均速率: 0.00 M/s, 最高分辨率: None, 平均帧率: 未知, 视频编解码器: 未知, 音频编解码器: 未知
分类: 港澳台, 名称: 东森综合台, 有效: 0, IPv4: 1, IPv6: 0, 最小延迟: -1 ms, 最高速率: 0.00 M/s, 平均速率: 0.00 M/s, 最高分辨率: None, 平均帧率: 未知, 视频编解码器: 未知, 音频编解码器: 未知
分类: 港澳台, 名称: 番薯111, 有效: 0, IPv4: 3, IPv6: 0, 最小延迟: -1 ms, 最高速率: 0.00 M/s, 平均速率: 0.00 M/s, 最高分辨率: None, 平均帧率: 未知, 视频编解码器: 未知, 音频编解码器: 未知
分类: 港澳台, 名称: 东森新闻, 有效: 0, IPv4: 11, IPv6: 0, 最小延迟: -1 ms, 最高速率: 0.00 M/s, 平均速率: 0.00 M/s, 最高分辨率: None, 平均帧率: 未知, 视频编解码器: 未知, 音频编解码器: 未知
分类: 港澳台, 名称: 非凡新闻台, 有效: 0, IPv4: 1, IPv6: 0, 最小延迟: -1 ms, 最高速率: 0.00 M/s, 平均速率: 0.00 M/s, 最高分辨率: None, 平均帧率: 未知, 视频编解码器: 未知, 音频编解码器: 未知
分类: 港澳台, 名称: 高点综合台, 有效: 0, IPv4: 1, IPv6: 0, 最小延迟: -1 ms, 最高速率: 0.00 M/s, 平均速率: 0.00 M/s, 最高分辨率: None, 平均帧率: 未知, 视频编解码器: 未知, 音频编解码器: 未知
分类: 港澳台, 名称: 国家地理, 有效: 0, IPv4: 1, IPv6: 0, 最小延迟: -1 ms, 最高速率: 0.00 M/s, 平均速率: 0.00 M/s, 最高分辨率: None, 平均帧率: 未知, 视频编解码器: 未知, 音频编解码器: 未知
分类: 港澳台, 名称: 国兴卫视, 有效: 0, IPv4: 3, IPv6: 0, 最小延迟: -1 ms, 最高速率: 0.00 M/s, 平均速率: 0.00 M/s, 最高分辨率: None, 平均帧率: 未知, 视频编解码器: 未知, 音频编解码器: 未知
分类: 港澳台, 名称: 好莱坞电影台, 有效: 0, IPv4: 1, IPv6: 0, 最小延迟: -1 ms, 最高速率: 0.00 M/s, 平均速率: 0.00 M/s, 最高分辨率: None, 平均帧率: 未知, 视频编解码器: 未知, 音频编解码器: 未知
分类: 港澳台, 名称: 公视, 有效: 1, IPv4: 4, IPv6: 0, 最小延迟: 410 ms, 最高速率: 5.80 M/s, 平均速率: 5.80 M/s, 最高分辨率: 1920x1080, 平均帧率: 29.97, 视频编解码器: hevc, 音频编解码器: aac
分类: 港澳台, 名称: 东森电影, 有效: 1, IPv4: 14, IPv6: 0, 最小延迟: 3318 ms, 最高速率: 0.62 M/s, 平均速率: 0.62 M/s, 最高分辨率: 1280x720, 平均帧率: 29.97, 视频编解码器: h264, 音频编解码器: aac
分类: 港澳台, 名称: 非凡新闻, 有效: 0, IPv4: 6, IPv6: 0, 最小延迟: -1 ms, 最高速率: 0.00 M/s, 平均速率: 0.00 M/s, 最高分辨率: None, 平均帧率: 未知, 视频编解码器: 未知, 音频编解码器: 未知
分类: 港澳台, 名称: 动物星球, 有效: 1, IPv4: 2, IPv6: 0, 最小延迟: 6812 ms, 最高速率: 0.27 M/s, 平均速率: 0.27 M/s, 最高分辨率: 1280x720, 平均帧率: 30.00, 视频编解码器: h264, 音频编解码器: aac
分类: 港澳台, 名称: 华视(备), 有效: 0, IPv4: 1, IPv6: 0, 最小延迟: -1 ms, 最高速率: 0.00 M/s, 平均速率: 0.00 M/s, 最高分辨率: None, 平均帧率: 未知, 视频编解码器: 未知, 音频编解码器: 未知
分类: 港澳台, 名称: 华视闽南, 有效: 0, IPv4: 1, IPv6: 0, 最小延迟: -1 ms, 最高速率: 0.00 M/s, 平均速率: 0.00 M/s, 最高分辨率: None, 平均帧率: 未知, 视频编解码器: 未知, 音频编解码器: 未知
分类: 港澳台, 名称: 华视, 有效: 1, IPv4: 5, IPv6: 0, 最小延迟: 421 ms, 最高速率: 5.27 M/s, 平均速率: 5.27 M/s, 最高分辨率: 1920x1080, 平均帧率: 30.00, 视频编解码器: hevc, 音频编解码器: aac
分类: 港澳台, 名称: 好消息, 有效: 2, IPv4: 5, IPv6: 0, 最小延迟: 200 ms, 最高速率: 1.12 M/s, 平均速率: 1.10 M/s, 最高分辨率: 1280x720, 平均帧率: 29.97, 视频编解码器: h264, 音频编解码器: aac
分类: 港澳台, 名称: 寰宇新闻台, 有效: 0, IPv4: 2, IPv6: 0, 最小延迟: -1 ms, 最高速率: 0.00 M/s, 平均速率: 0.00 M/s, 最高分辨率: None, 平均帧率: 未知, 视频编解码器: 未知, 音频编解码器: 未知
分类: 港澳台, 名称: 寰宇新闻台湾台, 有效: 0, IPv4: 1, IPv6: 0, 最小延迟: -1 ms, 最高速率: 0.00 M/s, 平均速率: 0.00 M/s, 最高分辨率: None, 平均帧率: 未知, 视频编解码器: 未知, 音频编解码器: 未知
分类: 港澳台, 名称: 好消息2, 有效: 1, IPv4: 1, IPv6: 0, 最小延迟: 1812 ms, 最高速率: 2.01 M/s, 平均速率: 2.01 M/s, 最高分辨率: 1280x720, 平均帧率: 29.97, 视频编解码器: h264, 音频编解码器: aac
分类: 港澳台, 名称: 靖天电影台, 有效: 0, IPv4: 1, IPv6: 0, 最小延迟: -1 ms, 最高速率: 0.00 M/s, 平均速率: 0.00 M/s, 最高分辨率: None, 平均帧率: 未知, 视频编解码器: 未知, 音频编解码器: 未知
分类: 港澳台, 名称: 靖天电影, 有效: 0, IPv4: 1, IPv6: 0, 最小延迟: -1 ms, 最高速率: 0.00 M/s, 平均速率: 0.00 M/s, 最高分辨率: None, 平均帧率: 未知, 视频编解码器: 未知, 音频编解码器: 未知
分类: 港澳台, 名称: 靖天戏剧台, 有效: 0, IPv4: 1, IPv6: 0, 最小延迟: -1 ms, 最高速率: 0.00 M/s, 平均速率: 0.00 M/s, 最高分辨率: None, 平均帧率: 未知, 视频编解码器: 未知, 音频编解码器: 未知
分类: 港澳台, 名称: 靖天卡通台, 有效: 0, IPv4: 2, IPv6: 0, 最小延迟: 768 ms, 最高速率: 0.00 M/s, 平均速率: 0.00 M/s, 最高分辨率: None, 平均帧率: 未知, 视频编解码器: 未知, 音频编解码器: 未知
分类: 港澳台, 名称: 靖天育乐台, 有效: 0, IPv4: 1, IPv6: 0, 最小延迟: -1 ms, 最高速率: 0.00 M/s, 平均速率: 0.00 M/s, 最高分辨率: None, 平均帧率: 未知, 视频编解码器: 未知, 音频编解码器: 未知
分类: 港澳台, 名称: 靖天资讯, 有效: 0, IPv4: 1, IPv6: 0, 最小延迟: -1 ms, 最高速率: 0.00 M/s, 平均速率: 0.00 M/s, 最高分辨率: None, 平均帧率: 未知, 视频编解码器: 未知, 音频编解码器: 未知
分类: 港澳台, 名称: 靖天资讯台, 有效: 0, IPv4: 1, IPv6: 0, 最小延迟: -1 ms, 最高速率: 0.00 M/s, 平均速率: 0.00 M/s, 最高分辨率: None, 平均帧率: 未知, 视频编解码器: 未知, 音频编解码器: 未知
分类: 港澳台, 名称: 靖天综合台, 有效: 0, IPv4: 1, IPv6: 0, 最小延迟: -1 ms, 最高速率: 0.00 M/s, 平均速率: 0.00 M/s, 最高分辨率: None, 平均帧率: 未知, 视频编解码器: 未知, 音频编解码器: 未知
分类: 港澳台, 名称: 靖天日本台, 有效: 0, IPv4: 2, IPv6: 0, 最小延迟: 400 ms, 最高速率: 0.00 M/s, 平均速率: 0.00 M/s, 最高分辨率: None, 平均帧率: 未知, 视频编解码器: 未知, 音频编解码器: 未知
分类: 港澳台, 名称: 靖洋戏剧台, 有效: 0, IPv4: 1, IPv6: 0, 最小延迟: -1 ms, 最高速率: 0.00 M/s, 平均速率: 0.00 M/s, 最高分辨率: None, 平均帧率: 未知, 视频编解码器: 未知, 音频编解码器: 未知
分类: 港澳台, 名称: 靖天映画, 有效: 0, IPv4: 5, IPv6: 0, 最小延迟: -1 ms, 最高速率: 0.00 M/s, 平均速率: 0.00 M/s, 最高分辨率: None, 平均帧率: 未知, 视频编解码器: 未知, 音频编解码器: 未知
分类: 港澳台, 名称: 客家电视台, 有效: 0, IPv4: 1, IPv6: 0, 最小延迟: -1 ms, 最高速率: 0.00 M/s, 平均速率: 0.00 M/s, 最高分辨率: None, 平均帧率: 未知, 视频编解码器: 未知, 音频编解码器: 未知
分类: 港澳台, 名称: 历史频道, 有效: 0, IPv4: 1, IPv6: 0, 最小延迟: -1 ms, 最高速率: 0.00 M/s, 平均速率: 0.00 M/s, 最高分辨率: None, 平均帧率: 未知, 视频编解码器: 未知, 音频编解码器: 未知
分类: 港澳台, 名称: 靖洋卡通台, 有效: 0, IPv4: 1, IPv6: 0, 最小延迟: 760 ms, 最高速率: 0.00 M/s, 平均速率: 0.00 M/s, 最高分辨率: None, 平均帧率: 未知, 视频编解码器: 未知, 音频编解码器: 未知
分类: 港澳台, 名称: 龙华经典, 有效: 0, IPv4: 2, IPv6: 0, 最小延迟: -1 ms, 最高速率: 0.00 M/s, 平均速率: 0.00 M/s, 最高分辨率: None, 平均帧率: 未知, 视频编解码器: 未知, 音频编解码器: 未知
分类: 港澳台, 名称: 龙华卡通, 有效: 0, IPv4: 2, IPv6: 0, 最小延迟: -1 ms, 最高速率: 0.00 M/s, 平均速率: 0.00 M/s, 最高分辨率: None, 平均帧率: 未知, 视频编解码器: 未知, 音频编解码器: 未知
分类: 港澳台, 名称: 龙华偶像, 有效: 0, IPv4: 4, IPv6: 0, 最小延迟: -1 ms, 最高速率: 0.00 M/s, 平均速率: 0.00 M/s, 最高分辨率: None, 平均帧率: 未知, 视频编解码器: 未知, 音频编解码器: 未知
分类: 港澳台, 名称: 龙华日韩, 有效: 0, IPv4: 3, IPv6: 0, 最小延迟: -1 ms, 最高速率: 0.00 M/s, 平均速率: 0.00 M/s, 最高分辨率: None, 平均帧率: 未知, 视频编解码器: 未知, 音频编解码器: 未知
分类: 港澳台, 名称: 龙华戏剧, 有效: 0, IPv4: 1, IPv6: 0, 最小延迟: -1 ms, 最高速率: 0.00 M/s, 平均速率: 0.00 M/s, 最高分辨率: None, 平均帧率: 未知, 视频编解码器: 未知, 音频编解码器: 未知
分类: 港澳台, 名称: 龙祥电影, 有效: 0, IPv4: 1, IPv6: 0, 最小延迟: -1 ms, 最高速率: 0.00 M/s, 平均速率: 0.00 M/s, 最高分辨率: None, 平均帧率: 未知, 视频编解码器: 未知, 音频编解码器: 未知
分类: 港澳台, 名称: 美亚电影台(粤语), 有效: 0, IPv4: 1, IPv6: 0, 最小延迟: -1 ms, 最高速率: 0.00 M/s, 平均速率: 0.00 M/s, 最高分辨率: None, 平均帧率: 未知, 视频编解码器: 未知, 音频编解码器: 未知
分类: 港澳台, 名称: 美亚电影台HD, 有效: 0, IPv4: 1, IPv6: 0, 最小延迟: -1 ms, 最高速率: 0.00 M/s, 平均速率: 0.00 M/s, 最高分辨率: None, 平均帧率: 未知, 视频编解码器: 未知, 音频编解码器: 未知
分类: 港澳台, 名称: 镜新闻, 有效: 1, IPv4: 3, IPv6: 0, 最小延迟: 1881 ms, 最高速率: 0.21 M/s, 平均速率: 0.21 M/s, 最高分辨率: 1280x720, 平均帧率: 25.00, 视频编解码器: h264, 音频编解码器: aac
分类: 港澳台, 名称: 经典电影, 有效: 1, IPv4: 10, IPv6: 0, 最小延迟: 214 ms, 最高速率: 0.42 M/s, 平均速率: 0.42 M/s, 最高分辨率: 1920x1080, 平均帧率: 27.50, 视频编解码器: h264, 音频编解码器: aac
分类: 港澳台, 名称: 民视(备), 有效: 0, IPv4: 1, IPv6: 0, 最小延迟: -1 ms, 最高速率: 0.00 M/s, 平均速率: 0.00 M/s, 最高分辨率: None, 平均帧率: 未知, 视频编解码器: 未知, 音频编解码器: 未知
分类: 港澳台, 名称: 民视第一台, 有效: 1, IPv4: 3, IPv6: 0, 最小延迟: 401 ms, 最高速率: 5.53 M/s, 平均速率: 5.53 M/s, 最高分辨率: 1920x1080, 平均帧率: 29.97, 视频编解码器: hevc, 音频编解码器: aac
分类: 港澳台, 名称: 华视新闻, 有效: 0, IPv4: 6, IPv6: 0, 最小延迟: -1 ms, 最高速率: 0.00 M/s, 平均速率: 0.00 M/s, 最高分辨率: None, 平均帧率: 未知, 视频编解码器: 未知, 音频编解码器: 未知
分类: 港澳台, 名称: 民视台湾台, 有效: 1, IPv4: 3, IPv6: 0, 最小延迟: 400 ms, 最高速率: 5.69 M/s, 平均速率: 5.69 M/s, 最高分辨率: 1920x1080, 平均帧率: 29.97, 视频编解码器: hevc, 音频编解码器: aac
分类: 港澳台, 名称: 尼克儿童频道, 有效: 0, IPv4: 1, IPv6: 0, 最小延迟: -1 ms, 最高速率: 0.00 M/s, 平均速率: 0.00 M/s, 最高分辨率: None, 平均帧率: 未知, 视频编解码器: 未知, 音频编解码器: 未知
分类: 港澳台, 名称: 霹雳台湾台, 有效: 0, IPv4: 1, IPv6: 0, 最小延迟: -1 ms, 最高速率: 0.00 M/s, 平均速率: 0.00 M/s, 最高分辨率: None, 平均帧率: 未知, 视频编解码器: 未知, 音频编解码器: 未知
分类: 港澳台, 名称: 三立都会台, 有效: 0, IPv4: 1, IPv6: 0, 最小延迟: -1 ms, 最高速率: 0.00 M/s, 平均速率: 0.00 M/s, 最高分辨率: None, 平均帧率: 未知, 视频编解码器: 未知, 音频编解码器: 未知
分类: 港澳台, 名称: 三立台湾台, 有效: 0, IPv4: 1, IPv6: 0, 最小延迟: -1 ms, 最高速率: 0.00 M/s, 平均速率: 0.00 M/s, 最高分辨率: None, 平均帧率: 未知, 视频编解码器: 未知, 音频编解码器: 未知
分类: 港澳台, 名称: 三立台湾台(备), 有效: 0, IPv4: 1, IPv6: 0, 最小延迟: -1 ms, 最高速率: 0.00 M/s, 平均速率: 0.00 M/s, 最高分辨率: None, 平均帧率: 未知, 视频编解码器: 未知, 音频编解码器: 未知
分类: 港澳台, 名称: 三立戏剧台, 有效: 0, IPv4: 1, IPv6: 0, 最小延迟: -1 ms, 最高速率: 0.00 M/s, 平均速率: 0.00 M/s, 最高分辨率: None, 平均帧率: 未知, 视频编解码器: 未知, 音频编解码器: 未知
分类: 港澳台, 名称: 三立新闻台, 有效: 0, IPv4: 1, IPv6: 0, 最小延迟: -1 ms, 最高速率: 0.00 M/s, 平均速率: 0.00 M/s, 最高分辨率: None, 平均帧率: 未知, 视频编解码器: 未知, 音频编解码器: 未知
分类: 港澳台, 名称: 三立综合台, 有效: 0, IPv4: 1, IPv6: 0, 最小延迟: -1 ms, 最高速率: 0.00 M/s, 平均速率: 0.00 M/s, 最高分辨率: None, 平均帧率: 未知, 视频编解码器: 未知, 音频编解码器: 未知
分类: 港澳台, 名称: 三立iNEWS, 有效: 0, IPv4: 1, IPv6: 0, 最小延迟: -1 ms, 最高速率: 0.00 M/s, 平均速率: 0.00 M/s, 最高分辨率: None, 平均帧率: 未知, 视频编解码器: 未知, 音频编解码器: 未知
分类: 港澳台, 名称: 民视新闻台, 有效: 2, IPv4: 3, IPv6: 0, 最小延迟: 397 ms, 最高速率: 5.71 M/s, 平均速率: 3.20 M/s, 最高分辨率: 1920x1080, 平均帧率: 29.99, 视频编解码器: hevc, 音频编解码器: aac
分类: 港澳台, 名称: 台视(备), 有效: 0, IPv4: 1, IPv6: 0, 最小延迟: -1 ms, 最高速率: 0.00 M/s, 平均速率: 0.00 M/s, 最高分辨率: None, 平均帧率: 未知, 视频编解码器: 未知, 音频编解码器: 未知
分类: 港澳台, 名称: 台视财经台, 有效: 0, IPv4: 1, IPv6: 0, 最小延迟: -1 ms, 最高速率: 0.00 M/s, 平均速率: 0.00 M/s, 最高分辨率: None, 平均帧率: 未知, 视频编解码器: 未知, 音频编解码器: 未知
分类: 港澳台, 名称: 年代新闻, 有效: 0, IPv4: 6, IPv6: 0, 最小延迟: -1 ms, 最高速率: 0.00 M/s, 平均速率: 0.00 M/s, 最高分辨率: None, 平均帧率: 未知, 视频编解码器: 未知, 音频编解码器: 未知
分类: 港澳台, 名称: 民视, 有效: 2, IPv4: 8, IPv6: 0, 最小延迟: 543 ms, 最高速率: 4.73 M/s, 平均速率: 3.54 M/s, 最高分辨率: 1920x1080, 平均帧率: 25.00, 视频编解码器: hevc, 音频编解码器: aac
分类: 港澳台, 名称: 台视, 有效: 1, IPv4: 7, IPv6: 0, 最小延迟: 482 ms, 最高速率: 4.55 M/s, 平均速率: 4.55 M/s, 最高分辨率: 1920x1080, 平均帧率: 29.99, 视频编解码器: hevc, 音频编解码器: aac
分类: 港澳台, 名称: 天映频道, 有效: 0, IPv4: 1, IPv6: 0, 最小延迟: -1 ms, 最高速率: 0.00 M/s, 平均速率: 0.00 M/s, 最高分辨率: None, 平均帧率: 未知, 视频编解码器: 未知, 音频编解码器: 未知
分类: 港澳台, 名称: 纬来电影台, 有效: 0, IPv4: 1, IPv6: 0, 最小延迟: -1 ms, 最高速率: 0.00 M/s, 平均速率: 0.00 M/s, 最高分辨率: None, 平均帧率: 未知, 视频编解码器: 未知, 音频编解码器: 未知
分类: 港澳台, 名称: 探索频道, 有效: 0, IPv4: 2, IPv6: 0, 最小延迟: 404 ms, 最高速率: 0.00 M/s, 平均速率: 0.00 M/s, 最高分辨率: None, 平均帧率: 未知, 视频编解码器: 未知, 音频编解码器: 未知
分类: 港澳台, 名称: 纬来日本, 有效: 0, IPv4: 4, IPv6: 0, 最小延迟: -1 ms, 最高速率: 0.00 M/s, 平均速率: 0.00 M/s, 最高分辨率: None, 平均帧率: 未知, 视频编解码器: 未知, 音频编解码器: 未知
分类: 港澳台, 名称: 纬来体育台, 有效: 0, IPv4: 1, IPv6: 0, 最小延迟: -1 ms, 最高速率: 0.00 M/s, 平均速率: 0.00 M/s, 最高分辨率: None, 平均帧率: 未知, 视频编解码器: 未知, 音频编解码器: 未知
分类: 港澳台, 名称: 纬来戏剧台, 有效: 0, IPv4: 1, IPv6: 0, 最小延迟: -1 ms, 最高速率: 0.00 M/s, 平均速率: 0.00 M/s, 最高分辨率: None, 平均帧率: 未知, 视频编解码器: 未知, 音频编解码器: 未知
分类: 港澳台, 名称: 纬来育乐台, 有效: 0, IPv4: 1, IPv6: 0, 最小延迟: -1 ms, 最高速率: 0.00 M/s, 平均速率: 0.00 M/s, 最高分辨率: None, 平均帧率: 未知, 视频编解码器: 未知, 音频编解码器: 未知
分类: 港澳台, 名称: 纬来综合台, 有效: 0, IPv4: 1, IPv6: 0, 最小延迟: -1 ms, 最高速率: 0.00 M/s, 平均速率: 0.00 M/s, 最高分辨率: None, 平均帧率: 未知, 视频编解码器: 未知, 音频编解码器: 未知
分类: 港澳台, 名称: 卫视电影台, 有效: 0, IPv4: 2, IPv6: 0, 最小延迟: 232 ms, 最高速率: 0.00 M/s, 平均速率: 0.00 M/s, 最高分辨率: None, 平均帧率: 未知, 视频编解码器: 未知, 音频编解码器: 未知
分类: 港澳台, 名称: 卫视中文台, 有效: 0, IPv4: 1, IPv6: 0, 最小延迟: -1 ms, 最高速率: 0.00 M/s, 平均速率: 0.00 M/s, 最高分辨率: None, 平均帧率: 未知, 视频编解码器: 未知, 音频编解码器: 未知
分类: 港澳台, 名称: 亚洲剧台, 有效: 0, IPv4: 2, IPv6: 0, 最小延迟: -1 ms, 最高速率: 0.00 M/s, 平均速率: 0.00 M/s, 最高分辨率: None, 平均帧率: 未知, 视频编解码器: 未知, 音频编解码器: 未知
分类: 港澳台, 名称: 壹电视电影台, 有效: 0, IPv4: 1, IPv6: 0, 最小延迟: -1 ms, 最高速率: 0.00 M/s, 平均速率: 0.00 M/s, 最高分辨率: None, 平均帧率: 未知, 视频编解码器: 未知, 音频编解码器: 未知
分类: 港澳台, 名称: 壹电视新闻台, 有效: 0, IPv4: 1, IPv6: 0, 最小延迟: -1 ms, 最高速率: 0.00 M/s, 平均速率: 0.00 M/s, 最高分辨率: None, 平均帧率: 未知, 视频编解码器: 未知, 音频编解码器: 未知
分类: 港澳台, 名称: 壹电视综合, 有效: 0, IPv4: 1, IPv6: 0, 最小延迟: -1 ms, 最高速率: 0.00 M/s, 平均速率: 0.00 M/s, 最高分辨率: None, 平均帧率: 未知, 视频编解码器: 未知, 音频编解码器: 未知
分类: 港澳台, 名称: 影迷数位电影台, 有效: 0, IPv4: 1, IPv6: 0, 最小延迟: -1 ms, 最高速率: 0.00 M/s, 平均速率: 0.00 M/s, 最高分辨率: None, 平均帧率: 未知, 视频编解码器: 未知, 音频编解码器: 未知
分类: 港澳台, 名称: 智林体育台, 有效: 0, IPv4: 1, IPv6: 0, 最小延迟: -1 ms, 最高速率: 0.00 M/s, 平均速率: 0.00 M/s, 最高分辨率: None, 平均帧率: 未知, 视频编解码器: 未知, 音频编解码器: 未知
分类: 港澳台, 名称: 龙华电影, 有效: 0, IPv4: 4, IPv6: 0, 最小延迟: -1 ms, 最高速率: 0.00 M/s, 平均速率: 0.00 M/s, 最高分辨率: None, 平均帧率: 未知, 视频编解码器: 未知, 音频编解码器: 未知
分类: 港澳台, 名称: 中视(备), 有效: 0, IPv4: 1, IPv6: 0, 最小延迟: -1 ms, 最高速率: 0.00 M/s, 平均速率: 0.00 M/s, 最高分辨率: None, 平均帧率: 未知, 视频编解码器: 未知, 音频编解码器: 未知
分类: 港澳台, 名称: 中视经典台, 有效: 0, IPv4: 1, IPv6: 0, 最小延迟: -1 ms, 最高速率: 0.00 M/s, 平均速率: 0.00 M/s, 最高分辨率: None, 平均帧率: 未知, 视频编解码器: 未知, 音频编解码器: 未知
分类: 港澳台, 名称: 中视菁采台, 有效: 0, IPv4: 1, IPv6: 0, 最小延迟: -1 ms, 最高速率: 0.00 M/s, 平均速率: 0.00 M/s, 最高分辨率: None, 平均帧率: 未知, 视频编解码器: 未知, 音频编解码器: 未知
分类: 港澳台, 名称: 中视闽南, 有效: 0, IPv4: 1, IPv6: 0, 最小延迟: -1 ms, 最高速率: 0.00 M/s, 平均速率: 0.00 M/s, 最高分辨率: None, 平均帧率: 未知, 视频编解码器: 未知, 音频编解码器: 未知
分类: 港澳台, 名称: 中视新闻台, 有效: 0, IPv4: 1, IPv6: 0, 最小延迟: -1 ms, 最高速率: 0.00 M/s, 平均速率: 0.00 M/s, 最高分辨率: None, 平均帧率: 未知, 视频编解码器: 未知, 音频编解码器: 未知
分类: 港澳台, 名称: 天映经典, 有效: 0, IPv4: 6, IPv6: 0, 最小延迟: 4059 ms, 最高速率: 0.62 M/s, 平均速率: 0.00 M/s, 最高分辨率: None, 平均帧率: 未知, 视频编解码器: 未知, 音频编解码器: 未知
分类: 港澳台, 名称: 台视新闻台, 有效: 0, IPv4: 2, IPv6: 0, 最小延迟: 7594 ms, 最高速率: 0.46 M/s, 平均速率: 0.00 M/s, 最高分辨率: 1920x1080, 平均帧率: 30.00, 视频编解码器: h264, 音频编解码器: aac
分类: 港澳台, 名称: 中视, 有效: 2, IPv4: 7, IPv6: 0, 最小延迟: 371 ms, 最高速率: 3.39 M/s, 平均速率: 2.77 M/s, 最高分辨率: 1920x1080, 平均帧率: 27.50, 视频编解码器: hevc, 音频编解码器: aac
分类: 港澳台, 名称: 纬来精采, 有效: 1, IPv4: 2, IPv6: 0, 最小延迟: 7861 ms, 最高速率: 0.27 M/s, 平均速率: 0.27 M/s, 最高分辨率: 1280x720, 平均帧率: 25.00, 视频编解码器: h264, 音频编解码器: aac
分类: 港澳台, 名称: 中天亚洲台, 有效: 0, IPv4: 1, IPv6: 0, 最小延迟: -1 ms, 最高速率: 0.00 M/s, 平均速率: 0.00 M/s, 最高分辨率: None, 平均帧率: 未知, 视频编解码器: 未知, 音频编解码器: 未知
分类: 港澳台, 名称: 中天娱乐台, 有效: 0, IPv4: 1, IPv6: 0, 最小延迟: -1 ms, 最高速率: 0.00 M/s, 平均速率: 0.00 M/s, 最高分辨率: None, 平均帧率: 未知, 视频编解码器: 未知, 音频编解码器: 未知
分类: 港澳台, 名称: 中天综合台, 有效: 0, IPv4: 1, IPv6: 0, 最小延迟: -1 ms, 最高速率: 0.00 M/s, 平均速率: 0.00 M/s, 最高分辨率: None, 平均帧率: 未知, 视频编解码器: 未知, 音频编解码器: 未知
分类: 港澳台, 名称: 罪案侦缉频道, 有效: 0, IPv4: 1, IPv6: 0, 最小延迟: -1 ms, 最高速率: 0.00 M/s, 平均速率: 0.00 M/s, 最高分辨率: None, 平均帧率: 未知, 视频编解码器: 未知, 音频编解码器: 未知
分类: 港澳台, 名称: AXN, 有效: 0, IPv4: 4, IPv6: 0, 最小延迟: -1 ms, 最高速率: 0.00 M/s, 平均速率: 0.00 M/s, 最高分辨率: None, 平均帧率: 未知, 视频编解码器: 未知, 音频编解码器: 未知
分类: 港澳台, 名称: AXN电影, 有效: 0, IPv4: 1, IPv6: 0, 最小延迟: -1 ms, 最高速率: 0.00 M/s, 平均速率: 0.00 M/s, 最高分辨率: None, 平均帧率: 未知, 视频编解码器: 未知, 音频编解码器: 未知
分类: 港澳台, 名称: CatchPlay电影台, 有效: 0, IPv4: 1, IPv6: 0, 最小延迟: -1 ms, 最高速率: 0.00 M/s, 平均速率: 0.00 M/s, 最高分辨率: None, 平均帧率: 未知, 视频编解码器: 未知, 音频编解码器: 未知
分类: 港澳台, 名称: CinemaWorld, 有效: 0, IPv4: 1, IPv6: 0, 最小延迟: -1 ms, 最高速率: 0.00 M/s, 平均速率: 0.00 M/s, 最高分辨率: None, 平均帧率: 未知, 视频编解码器: 未知, 音频编解码器: 未知
分类: 港澳台, 名称: Discovery科学频道, 有效: 0, IPv4: 1, IPv6: 0, 最小延迟: -1 ms, 最高速率: 0.00 M/s, 平均速率: 0.00 M/s, 最高分辨率: None, 平均帧率: 未知, 视频编解码器: 未知, 音频编解码器: 未知
分类: 港澳台, 名称: ELEVEN体育1台, 有效: 0, IPv4: 1, IPv6: 0, 最小延迟: -1 ms, 最高速率: 0.00 M/s, 平均速率: 0.00 M/s, 最高分辨率: None, 平均帧率: 未知, 视频编解码器: 未知, 音频编解码器: 未知
分类: 港澳台, 名称: ELEVEN体育2台, 有效: 0, IPv4: 1, IPv6: 0, 最小延迟: -1 ms, 最高速率: 0.00 M/s, 平均速率: 0.00 M/s, 最高分辨率: None, 平均帧率: 未知, 视频编解码器: 未知, 音频编解码器: 未知
分类: 港澳台, 名称: ETtoday综合台, 有效: 0, IPv4: 1, IPv6: 0, 最小延迟: -1 ms, 最高速率: 0.00 M/s, 平均速率: 0.00 M/s, 最高分辨率: None, 平均帧率: 未知, 视频编解码器: 未知, 音频编解码器: 未知
分类: 港澳台, 名称: HBO, 有效: 0, IPv4: 4, IPv6: 0, 最小延迟: -1 ms, 最高速率: 0.00 M/s, 平均速率: 0.00 M/s, 最高分辨率: None, 平均帧率: 未知, 视频编解码器: 未知, 音频编解码器: 未知
分类: 港澳台, 名称: HBO强档巨献, 有效: 0, IPv4: 1, IPv6: 0, 最小延迟: -1 ms, 最高速率: 0.00 M/s, 平均速率: 0.00 M/s, 最高分辨率: None, 平均帧率: 未知, 视频编解码器: 未知, 音频编解码器: 未知
分类: 港澳台, 名称: HBO原创巨献, 有效: 0, IPv4: 1, IPv6: 0, 最小延迟: -1 ms, 最高速率: 0.00 M/s, 平均速率: 0.00 M/s, 最高分辨率: None, 平均帧率: 未知, 视频编解码器: 未知, 音频编解码器: 未知
分类: 港澳台, 名称: JET综合台, 有效: 0, IPv4: 1, IPv6: 0, 最小延迟: -1 ms, 最高速率: 0.00 M/s, 平均速率: 0.00 M/s, 最高分辨率: None, 平均帧率: 未知, 视频编解码器: 未知, 音频编解码器: 未知
分类: 港澳台, 名称: MTV, 有效: 0, IPv4: 1, IPv6: 0, 最小延迟: -1 ms, 最高速率: 0.00 M/s, 平均速率: 0.00 M/s, 最高分辨率: None, 平均帧率: 未知, 视频编解码器: 未知, 音频编解码器: 未知
分类: 港澳台, 名称: NHK新闻资讯台, 有效: 0, IPv4: 1, IPv6: 0, 最小延迟: -1 ms, 最高速率: 0.00 M/s, 平均速率: 0.00 M/s, 最高分辨率: None, 平均帧率: 未知, 视频编解码器: 未知, 音频编解码器: 未知
分类: 港澳台, 名称: TV1, 有效: 1, IPv4: 1, IPv6: 0, 最小延迟: 751 ms, 最高速率: 1.45 M/s, 平均速率: 1.45 M/s, 最高分辨率: 1280x720, 平均帧率: 30.00, 视频编解码器: h264, 音频编解码器: aac
分类: 港澳台, 名称: TV3, 有效: 1, IPv4: 1, IPv6: 0, 最小延迟: 417 ms, 最高速率: 7.73 M/s, 平均速率: 7.73 M/s, 最高分辨率: 1280x720, 平均帧率: 30.00, 视频编解码器: h264, 音频编解码器: aac
分类: 港澳台, 名称: 中天新闻台, 有效: 0, IPv4: 4, IPv6: 0, 最小延迟: 6261 ms, 最高速率: 0.44 M/s, 平均速率: 0.00 M/s, 最高分辨率: 1920x1080, 平均帧率: 30.00, 视频编解码器: h264, 音频编解码器: aac
分类: 港澳台, 名称: AMC电影台, 有效: 0, IPv4: 1, IPv6: 0, 最小延迟: 408 ms, 最高速率: 0.00 M/s, 平均速率: 0.00 M/s, 最高分辨率: None, 平均帧率: 未知, 视频编解码器: 未知, 音频编解码器: 未知
分类: 港澳台, 名称: 中天亚洲, 有效: 0, IPv4: 9, IPv6: 0, 最小延迟: -1 ms, 最高速率: 0.00 M/s, 平均速率: 0.00 M/s, 最高分辨率: None, 平均帧率: 未知, 视频编解码器: 未知, 音频编解码器: 未知
分类: 港澳台, 名称: tvbs新闻, 有效: 0, IPv4: 1, IPv6: 0, 最小延迟: -1 ms, 最高速率: 0.00 M/s, 平均速率: 0.00 M/s, 最高分辨率: None, 平均帧率: 未知, 视频编解码器: 未知, 音频编解码器: 未知
分类: 港澳台, 名称: TVBS新闻台, 有效: 0, IPv4: 1, IPv6: 0, 最小延迟: -1 ms, 最高速率: 0.00 M/s, 平均速率: 0.00 M/s, 最高分辨率: None, 平均帧率: 未知, 视频编解码器: 未知, 音频编解码器: 未知
分类: 港澳台, 名称: TVBS, 有效: 0, IPv4: 6, IPv6: 0, 最小延迟: 780 ms, 最高速率: 0.35 M/s, 平均速率: 0.00 M/s, 最高分辨率: 1920x1080, 平均帧率: 29.97, 视频编解码器: h264, 音频编解码器: aac
分类: 港澳台, 名称: TVBS精采台, 有效: 0, IPv4: 2, IPv6: 0, 最小延迟: 589 ms, 最高速率: 0.00 M/s, 平均速率: 0.00 M/s, 最高分辨率: None, 平均帧率: 未知, 视频编解码器: 未知, 音频编解码器: 未知
分类: 港澳台, 名称: TVBS欢乐台, 有效: 0, IPv4: 2, IPv6: 0, 最小延迟: -1 ms, 最高速率: 0.00 M/s, 平均速率: 0.00 M/s, 最高分辨率: None, 平均帧率: 未知, 视频编解码器: 未知, 音频编解码器: 未知
分类: 港澳台, 名称: TVBS NEWS, 有效: 1, IPv4: 1, IPv6: 0, 最小延迟: 6969 ms, 最高速率: 0.26 M/s, 平均速率: 0.26 M/s, 最高分辨率: 1280x720, 平均帧率: 25.00, 视频编解码器: h264, 音频编解码器: aac
分类: 港澳台, 名称: TVBS亚洲, 有效: 3, IPv4: 9, IPv6: 0, 最小延迟: 3049 ms, 最高速率: 0.63 M/s, 平均速率: 0.58 M/s, 最高分辨率: 1920x1080, 平均帧率: 29.97, 视频编解码器: h264, 音频编解码器: aac
分类: 港澳台, 名称: tvN, 有效: 0, IPv4: 3, IPv6: 0, 最小延迟: 3825 ms, 最高速率: 1.03 M/s, 平均速率: 0.00 M/s, 最高分辨率: None, 平均帧率: 未知, 视频编解码器: 未知, 音频编解码器: 未知
分类: 🎬电影频道, 名称: CHC家庭影院, 有效: 1, IPv4: 30, IPv6: 0, 最小延迟: 389 ms, 最高速率: 6.61 M/s, 平均速率: 6.61 M/s, 最高分辨率: 1920x1080, 平均帧率: 37.50, 视频编解码器: h264, 音频编解码器: aac
分类: 🎬电影频道, 名称: CHC动作电影, 有效: 1, IPv4: 35, IPv6: 0, 最小延迟: 409 ms, 最高速率: 5.82 M/s, 平均速率: 5.82 M/s, 最高分辨率: 1920x1080, 平均帧率: 43.75, 视频编解码器: h264, 音频编解码器: mp2
分类: 🎬电影频道, 名称: 淘剧场, 有效: 0, IPv4: 1, IPv6: 0, 最小延迟: -1 ms, 最高速率: 0.00 M/s, 平均速率: 0.00 M/s, 最高分辨率: None, 平均帧率: 未知, 视频编解码器: 未知, 音频编解码器: 未知
分类: 🎬电影频道, 名称: 龍華經典台, 有效: 0, IPv4: 2, IPv6: 0, 最小延迟: 576 ms, 最高速率: 0.00 M/s, 平均速率: 0.00 M/s, 最高分辨率: None, 平均帧率: 未知, 视频编解码器: 未知, 音频编解码器: 未知
分类: 🎬电影频道, 名称: 纬来电影, 有效: 0, IPv4: 3, IPv6: 0, 最小延迟: -1 ms, 最高速率: 0.00 M/s, 平均速率: 0.00 M/s, 最高分辨率: None, 平均帧率: 未知, 视频编解码器: 未知, 音频编解码器: 未知
分类: 🎬电影频道, 名称: 淘娱乐, 有效: 0, IPv4: 2, IPv6: 0, 最小延迟: -1 ms, 最高速率: 0.00 M/s, 平均速率: 0.00 M/s, 最高分辨率: None, 平均帧率: 未知, 视频编解码器: 未知, 音频编解码器: 未知
分类: 🎬电影频道, 名称: 靖天戏剧, 有效: 0, IPv4: 3, IPv6: 0, 最小延迟: -1 ms, 最高速率: 0.00 M/s, 平均速率: 0.00 M/s, 最高分辨率: None, 平均帧率: 未知, 视频编解码器: 未知, 音频编解码器: 未知
分类: 🎬电影频道, 名称: 私人影院, 有效: 0, IPv4: 1, IPv6: 0, 最小延迟: -1 ms, 最高速率: 0.00 M/s, 平均速率: 0.00 M/s, 最高分辨率: None, 平均帧率: 未知, 视频编解码器: 未知, 音频编解码器: 未知
分类: 🎬电影频道, 名称: 淘电影, 有效: 0, IPv4: 2, IPv6: 0, 最小延迟: -1 ms, 最高速率: 0.00 M/s, 平均速率: 0.00 M/s, 最高分辨率: None, 平均帧率: 未知, 视频编解码器: 未知, 音频编解码器: 未知
分类: 🎬电影频道, 名称: IPTV经典电影, 有效: 0, IPv4: 1, IPv6: 0, 最小延迟: -1 ms, 最高速率: 0.00 M/s, 平均速率: 0.00 M/s, 最高分辨率: None, 平均帧率: 未知, 视频编解码器: 未知, 音频编解码器: 未知
分类: 🎬电影频道, 名称: 龍華電影台, 有效: 0, IPv4: 2, IPv6: 0, 最小延迟: 784 ms, 最高速率: 0.00 M/s, 平均速率: 0.00 M/s, 最高分辨率: None, 平均帧率: 未知, 视频编解码器: 未知, 音频编解码器: 未知
分类: 🎬电影频道, 名称: 东森洋片, 有效: 1, IPv4: 7, IPv6: 0, 最小延迟: 2957 ms, 最高速率: 0.52 M/s, 平均速率: 0.52 M/s, 最高分辨率: 1280x720, 平均帧率: 29.97, 视频编解码器: h264, 音频编解码器: aac
分类: 🎬电影频道, 名称: CHC高清电影, 有效: 0, IPv4: 10, IPv6: 0, 最小延迟: 8050 ms, 最高速率: 0.24 M/s, 平均速率: 0.00 M/s, 最高分辨率: 1920x1080, 平均帧率: 50.00, 视频编解码器: h264, 音频编解码器: mp2
分类: 🏀体育频道, 名称: 体育赛事, 有效: 0, IPv4: 2, IPv6: 0, 最小延迟: -1 ms, 最高速率: 0.00 M/s, 平均速率: 0.00 M/s, 最高分辨率: None, 平均帧率: 未知, 视频编解码器: 未知, 音频编解码器: 未知
分类: 🏀体育频道, 名称: 五星体育, 有效: 0, IPv4: 10, IPv6: 0, 最小延迟: 12 ms, 最高速率: 0.04 M/s, 平均速率: 0.00 M/s, 最高分辨率: 1920x1080, 平均帧率: 25.00, 视频编解码器: h264, 音频编解码器: mp2
分类: 🏀体育频道, 名称: 纬来体育, 有效: 0, IPv4: 15, IPv6: 0, 最小延迟: 402 ms, 最高速率: 0.00 M/s, 平均速率: 0.00 M/s, 最高分辨率: None, 平均帧率: 未知, 视频编解码器: 未知, 音频编解码器: 未知
分类: 🏀体育频道, 名称: 劲爆体育, 有效: 1, IPv4: 5, IPv6: 0, 最小延迟: 10132 ms, 最高速率: 0.66 M/s, 平均速率: 0.66 M/s, 最高分辨率: 1920x1080, 平均帧率: 50.00, 视频编解码器: h264, 音频编解码器: mp2
分类: 🏀体育频道, 名称: 辽宁体育, 有效: 0, IPv4: 1, IPv6: 0, 最小延迟: 10375 ms, 最高速率: 0.00 M/s, 平均速率: 0.00 M/s, 最高分辨率: None, 平均帧率: 未知, 视频编解码器: 未知, 音频编解码器: 未知
分类: 🏀体育频道, 名称: 江苏体育, 有效: 1, IPv4: 1, IPv6: 0, 最小延迟: 2612 ms, 最高速率: 0.20 M/s, 平均速率: 0.20 M/s, 最高分辨率: 1280x720, 平均帧率: 25.00, 视频编解码器: h264, 音频编解码器: aac
分类: 🏀体育频道, 名称: 睛彩篮球, 有效: 0, IPv4: 7, IPv6: 0, 最小延迟: -1 ms, 最高速率: 0.00 M/s, 平均速率: 0.00 M/s, 最高分辨率: None, 平均帧率: 未知, 视频编解码器: 未知, 音频编解码器: 未知
分类: 🏀体育频道, 名称: 睛彩羽毛球, 有效: 0, IPv4: 2, IPv6: 0, 最小延迟: -1 ms, 最高速率: 0.00 M/s, 平均速率: 0.00 M/s, 最高分辨率: None, 平均帧率: 未知, 视频编解码器: 未知, 音频编解码器: 未知
分类: 🏀体育频道, 名称: 睛彩广场舞, 有效: 0, IPv4: 6, IPv6: 0, 最小延迟: -1 ms, 最高速率: 0.00 M/s, 平均速率: 0.00 M/s, 最高分辨率: None, 平均帧率: 未知, 视频编解码器: 未知, 音频编解码器: 未知
分类: 🏀体育频道, 名称: 魅力足球, 有效: 0, IPv4: 4, IPv6: 0, 最小延迟: -1 ms, 最高速率: 0.00 M/s, 平均速率: 0.00 M/s, 最高分辨率: None, 平均帧率: 未知, 视频编解码器: 未知, 音频编解码器: 未知
分类: 🏀体育频道, 名称: 足球频道, 有效: 0, IPv4: 2, IPv6: 0, 最小延迟: -1 ms, 最高速率: 0.00 M/s, 平均速率: 0.00 M/s, 最高分辨率: None, 平均帧率: 未知, 视频编解码器: 未知, 音频编解码器: 未知
分类: 🏀体育频道, 名称: ELEVEN体育1, 有效: 0, IPv4: 1, IPv6: 0, 最小延迟: -1 ms, 最高速率: 0.00 M/s, 平均速率: 0.00 M/s, 最高分辨率: None, 平均帧率: 未知, 视频编解码器: 未知, 音频编解码器: 未知
分类: 🏀体育频道, 名称: ELEVEN体育2, 有效: 0, IPv4: 1, IPv6: 0, 最小延迟: -1 ms, 最高速率: 0.00 M/s, 平均速率: 0.00 M/s, 最高分辨率: None, 平均帧率: 未知, 视频编解码器: 未知, 音频编解码器: 未知
分类: 🏀体育频道, 名称: 山东体育, 有效: 0, IPv4: 10, IPv6: 0, 最小延迟: 7 ms, 最高速率: 12.27 M/s, 平均速率: 0.00 M/s, 最高分辨率: None, 平均帧率: 未知, 视频编解码器: 未知, 音频编解码器: aac
分类: 🏀体育频道, 名称: 快乐垂钓, 有效: 1, IPv4: 6, IPv6: 0, 最小延迟: 10250 ms, 最高速率: 0.73 M/s, 平均速率: 0.73 M/s, 最高分辨率: 1920x1080, 平均帧率: 50.00, 视频编解码器: h264, 音频编解码器: aac
分类: 动画频道, 名称: 广东少儿, 有效: 0, IPv4: 9, IPv6: 0, 最小延迟: 10440 ms, 最高速率: 0.01 M/s, 平均速率: 0.00 M/s, 最高分辨率: None, 平均帧率: 未知, 视频编解码器: 未知, 音频编解码器: 未知
分类: 🏀体育频道, 名称: 天元围棋, 有效: 1, IPv4: 3, IPv6: 0, 最小延迟: 439 ms, 最高速率: 8.90 M/s, 平均速率: 8.90 M/s, 最高分辨率: 1920x1080, 平均帧率: 25.00, 视频编解码器: h264, 音频编解码器: aac
分类: 动画频道, 名称: 浙江少儿, 有效: 2, IPv4: 13, IPv6: 0, 最小延迟: 1017 ms, 最高速率: 0.68 M/s, 平均速率: 0.62 M/s, 最高分辨率: 1920x1080, 平均帧率: 27.27, 视频编解码器: h264, 音频编解码器: aac
分类: 动画频道, 名称: 黑龙江少儿, 有效: 0, IPv4: 3, IPv6: 0, 最小延迟: 10345 ms, 最高速率: 0.13 M/s, 平均速率: 0.00 M/s, 最高分辨率: 720x576, 平均帧率: 25.00, 视频编解码器: mpeg2video, 音频编解码器: mp2
分类: 动画频道, 名称: 嘉佳卡通, 有效: 1, IPv4: 20, IPv6: 0, 最小延迟: 10066 ms, 最高速率: 0.56 M/s, 平均速率: 0.56 M/s, 最高分辨率: 1920x1080, 平均帧率: 37.50, 视频编解码器: h264, 音频编解码器: mp2
分类: 动画频道, 名称: 少儿动画, 有效: 0, IPv4: 2, IPv6: 0, 最小延迟: 10908 ms, 最高速率: 0.30 M/s, 平均速率: 0.00 M/s, 最高分辨率: 720x576, 平均帧率: 25.00, 视频编解码器: h264, 音频编解码器: mp2
分类: 动画频道, 名称: 哈哈炫动, 有效: 0, IPv4: 31, IPv6: 0, 最小延迟: 5690 ms, 最高速率: 0.38 M/s, 平均速率: 0.00 M/s, 最高分辨率: 1920x1080, 平均帧率: 35.00, 视频编解码器: h264, 音频编解码器: aac
分类: 动画频道, 名称: 青春动漫, 有效: 0, IPv4: 1, IPv6: 0, 最小延迟: -1 ms, 最高速率: 0.00 M/s, 平均速率: 0.00 M/s, 最高分辨率: None, 平均帧率: 未知, 视频编解码器: 未知, 音频编解码器: 未知
分类: 动画频道, 名称: 新动漫, 有效: 0, IPv4: 9, IPv6: 0, 最小延迟: -1 ms, 最高速率: 0.00 M/s, 平均速率: 0.00 M/s, 最高分辨率: None, 平均帧率: 未知, 视频编解码器: 未知, 音频编解码器: 未知
分类: 动画频道, 名称: CN卡通, 有效: 0, IPv4: 5, IPv6: 0, 最小延迟: -1 ms, 最高速率: 0.00 M/s, 平均速率: 0.00 M/s, 最高分辨率: None, 平均帧率: 未知, 视频编解码器: 未知, 音频编解码器: 未知
分类: 动画频道, 名称: 动漫秀场, 有效: 0, IPv4: 32, IPv6: 0, 最小延迟: 10997 ms, 最高速率: 0.21 M/s, 平均速率: 0.00 M/s, 最高分辨率: None, 平均帧率: 未知, 视频编解码器: 未知, 音频编解码器: 未知
分类: 动画频道, 名称: 优漫卡通, 有效: 0, IPv4: 33, IPv6: 0, 最小延迟: 464 ms, 最高速率: 5.92 M/s, 平均速率: 0.00 M/s, 最高分辨率: 1280x720, 平均帧率: 33.33, 视频编解码器: h264, 音频编解码器: aac
分类: 动画频道, 名称: 24H国漫热播, 有效: 0, IPv4: 1, IPv6: 0, 最小延迟: -1 ms, 最高速率: 0.00 M/s, 平均速率: 0.00 M/s, 最高分辨率: None, 平均帧率: 未知, 视频编解码器: 未知, 音频编解码器: 未知
分类: 动画频道, 名称: 七龙珠, 有效: 0, IPv4: 1, IPv6: 0, 最小延迟: -1 ms, 最高速率: 0.00 M/s, 平均速率: 0.00 M/s, 最高分辨率: None, 平均帧率: 未知, 视频编解码器: 未知, 音频编解码器: 未知
分类: 动画频道, 名称: 火影忍者, 有效: 1, IPv4: 1, IPv6: 0, 最小延迟: 1123 ms, 最高速率: 1.04 M/s, 平均速率: 1.04 M/s, 最高分辨率: 1920x1032, 平均帧率: 24.00, 视频编解码器: h264, 音频编解码器: aac
分类: 动画频道, 名称: 蜡笔小新, 有效: 0, IPv4: 1, IPv6: 0, 最小延迟: -1 ms, 最高速率: 0.00 M/s, 平均速率: 0.00 M/s, 最高分辨率: None, 平均帧率: 未知, 视频编解码器: 未知, 音频编解码器: 未知
分类: 动画频道, 名称: 猫和老鼠, 有效: 0, IPv4: 3, IPv6: 0, 最小延迟: -1 ms, 最高速率: 0.00 M/s, 平均速率: 0.00 M/s, 最高分辨率: None, 平均帧率: 未知, 视频编解码器: 未知, 音频编解码器: 未知
分类: 动画频道, 名称: 中华小当家, 有效: 0, IPv4: 2, IPv6: 0, 最小延迟: 404 ms, 最高速率: 0.00 M/s, 平均速率: 0.00 M/s, 最高分辨率: None, 平均帧率: 未知, 视频编解码器: 未知, 音频编解码器: 未知
分类: 其他频道, 名称: Love Nature 4K, 有效: 0, IPv4: 1, IPv6: 0, 最小延迟: -1 ms, 最高速率: 0.00 M/s, 平均速率: 0.00 M/s, 最高分辨率: None, 平均帧率: 未知, 视频编解码器: 未知, 音频编解码器: 未知
分类: 其他频道, 名称: Loupe 4K, 有效: 0, IPv4: 1, IPv6: 0, 最小延迟: -1 ms, 最高速率: 0.00 M/s, 平均速率: 0.00 M/s, 最高分辨率: None, 平均帧率: 未知, 视频编解码器: 未知, 音频编解码器: 未知
分类: 其他频道, 名称: Fashion 4K, 有效: 0, IPv4: 1, IPv6: 0, 最小延迟: -1 ms, 最高速率: 0.00 M/s, 平均速率: 0.00 M/s, 最高分辨率: None, 平均帧率: 未知, 视频编解码器: 未知, 音频编解码器: 未知
分类: 其他频道, 名称: 求索动物, 有效: 0, IPv4: 1, IPv6: 0, 最小延迟: -1 ms, 最高速率: 0.00 M/s, 平均速率: 0.00 M/s, 最高分辨率: None, 平均帧率: 未知, 视频编解码器: 未知, 音频编解码器: 未知
分类: 其他频道, 名称: 8K北京科教台, 有效: 0, IPv4: 1, IPv6: 0, 最小延迟: -1 ms, 最高速率: 0.00 M/s, 平均速率: 0.00 M/s, 最高分辨率: None, 平均帧率: 未知, 视频编解码器: 未知, 音频编解码器: 未知
分类: 其他频道, 名称: 求索生活, 有效: 0, IPv4: 1, IPv6: 0, 最小延迟: -1 ms, 最高速率: 0.00 M/s, 平均速率: 0.00 M/s, 最高分辨率: None, 平均帧率: 未知, 视频编解码器: 未知, 音频编解码器: 未知
分类: 其他频道, 名称: 求索科学, 有效: 0, IPv4: 1, IPv6: 0, 最小延迟: -1 ms, 最高速率: 0.00 M/s, 平均速率: 0.00 M/s, 最高分辨率: None, 平均帧率: 未知, 视频编解码器: 未知, 音频编解码器: 未知
分类: 其他频道, 名称: 环球电视, 有效: 0, IPv4: 1, IPv6: 0, 最小延迟: -1 ms, 最高速率: 0.00 M/s, 平均速率: 0.00 M/s, 最高分辨率: None, 平均帧率: 未知, 视频编解码器: 未知, 音频编解码器: 未知
分类: 动画频道, 名称: 金鹰卡通, 有效: 0, IPv4: 92, IPv6: 0, 最小延迟: 2492 ms, 最高速率: 0.36 M/s, 平均速率: 0.00 M/s, 最高分辨率: 1920x1080, 平均帧率: 42.86, 视频编解码器: h264, 音频编解码器: mp2
分类: 其他频道, 名称: 探索亚洲, 有效: 0, IPv4: 3, IPv6: 0, 最小延迟: 192 ms, 最高速率: 0.00 M/s, 平均速率: 0.00 M/s, 最高分辨率: None, 平均帧率: 未知, 视频编解码器: 未知, 音频编解码器: 未知
分类: 其他频道, 名称: 求索纪录, 有效: 0, IPv4: 4, IPv6: 0, 最小延迟: -1 ms, 最高速率: 0.00 M/s, 平均速率: 0.00 M/s, 最高分辨率: None, 平均帧率: 未知, 视频编解码器: 未知, 音频编解码器: 未知
分类: 经典剧场, 名称: 西游记, 有效: 0, IPv4: 1, IPv6: 0, 最小延迟: -1 ms, 最高速率: 0.00 M/s, 平均速率: 0.00 M/s, 最高分辨率: None, 平均帧率: 未知, 视频编解码器: 未知, 音频编解码器: 未知
分类: 经典剧场, 名称: 西游记后传, 有效: 0, IPv4: 1, IPv6: 0, 最小延迟: -1 ms, 最高速率: 0.00 M/s, 平均速率: 0.00 M/s, 最高分辨率: None, 平均帧率: 未知, 视频编解码器: 未知, 音频编解码器: 未知
分类: 经典剧场, 名称: 三国演义, 有效: 0, IPv4: 1, IPv6: 0, 最小延迟: -1 ms, 最高速率: 0.00 M/s, 平均速率: 0.00 M/s, 最高分辨率: None, 平均帧率: 未知, 视频编解码器: 未知, 音频编解码器: 未知
分类: 其他频道, 名称: 4K南国都市, 有效: 0, IPv4: 1, IPv6: 0, 最小延迟: 1755 ms, 最高速率: 0.33 M/s, 平均速率: 0.00 M/s, 最高分辨率: 1920x1080, 平均帧率: 50.00, 视频编解码器: h264, 音频编解码器: aac
分类: 经典剧场, 名称: 新三国, 有效: 0, IPv4: 2, IPv6: 0, 最小延迟: -1 ms, 最高速率: 0.00 M/s, 平均速率: 0.00 M/s, 最高分辨率: None, 平均帧率: 未知, 视频编解码器: 未知, 音频编解码器: 未知
分类: 经典剧场, 名称: 新水浒传, 有效: 0, IPv4: 1, IPv6: 0, 最小延迟: -1 ms, 最高速率: 0.00 M/s, 平均速率: 0.00 M/s, 最高分辨率: None, 平均帧率: 未知, 视频编解码器: 未知, 音频编解码器: 未知
分类: 经典剧场, 名称: 新白娘子传奇, 有效: 0, IPv4: 1, IPv6: 0, 最小延迟: -1 ms, 最高速率: 0.00 M/s, 平均速率: 0.00 M/s, 最高分辨率: None, 平均帧率: 未知, 视频编解码器: 未知, 音频编解码器: 未知
分类: 经典剧场, 名称: 封神榜, 有效: 0, IPv4: 1, IPv6: 0, 最小延迟: -1 ms, 最高速率: 0.00 M/s, 平均速率: 0.00 M/s, 最高分辨率: None, 平均帧率: 未知, 视频编解码器: 未知, 音频编解码器: 未知
分类: 经典剧场, 名称: 大秦赋, 有效: 0, IPv4: 2, IPv6: 0, 最小延迟: -1 ms, 最高速率: 0.00 M/s, 平均速率: 0.00 M/s, 最高分辨率: None, 平均帧率: 未知, 视频编解码器: 未知, 音频编解码器: 未知
分类: 经典剧场, 名称: 射雕英雄传, 有效: 0, IPv4: 2, IPv6: 0, 最小延迟: -1 ms, 最高速率: 0.00 M/s, 平均速率: 0.00 M/s, 最高分辨率: None, 平均帧率: 未知, 视频编解码器: 未知, 音频编解码器: 未知
分类: 经典剧场, 名称: 仙剑奇侠传, 有效: 0, IPv4: 1, IPv6: 0, 最小延迟: -1 ms, 最高速率: 0.00 M/s, 平均速率: 0.00 M/s, 最高分辨率: None, 平均帧率: 未知, 视频编解码器: 未知, 音频编解码器: 未知
分类: 经典剧场, 名称: 鹿鼎记, 有效: 0, IPv4: 3, IPv6: 0, 最小延迟: -1 ms, 最高速率: 0.00 M/s, 平均速率: 0.00 M/s, 最高分辨率: None, 平均帧率: 未知, 视频编解码器: 未知, 音频编解码器: 未知
分类: 经典剧场, 名称: 天龙八部, 有效: 2, IPv4: 6, IPv6: 0, 最小延迟: 8 ms, 最高速率: 157.73 M/s, 平均速率: 84.45 M/s, 最高分辨率: 720x1280, 平均帧率: 27.50, 视频编解码器: h264, 音频编解码器: aac
分类: 经典剧场, 名称: 上海滩, 有效: 0, IPv4: 1, IPv6: 0, 最小延迟: 7 ms, 最高速率: 192.67 M/s, 平均速率: 0.00 M/s, 最高分辨率: 718x404, 平均帧率: 25.00, 视频编解码器: h264, 音频编解码器: aac
分类: 经典剧场, 名称: 金庸武侠, 有效: 0, IPv4: 1, IPv6: 0, 最小延迟: -1 ms, 最高速率: 0.00 M/s, 平均速率: 0.00 M/s, 最高分辨率: None, 平均帧率: 未知, 视频编解码器: 未知, 音频编解码器: 未知
分类: 经典剧场, 名称: 庆余年, 有效: 3, IPv4: 5, IPv6: 0, 最小延迟: 1056 ms, 最高速率: 0.92 M/s, 平均速率: 0.85 M/s, 最高分辨率: 720x1280, 平均帧率: 24.00, 视频编解码器: h264, 音频编解码器: aac
分类: 经典剧场, 名称: 琅琊榜, 有效: 0, IPv4: 1, IPv6: 0, 最小延迟: -1 ms, 最高速率: 0.00 M/s, 平均速率: 0.00 M/s, 最高分辨率: None, 平均帧率: 未知, 视频编解码器: 未知, 音频编解码器: 未知
分类: 斗鱼欣赏, 名称: 邵氏影院, 有效: 0, IPv4: 1, IPv6: 0, 最小延迟: -1 ms, 最高速率: 0.00 M/s, 平均速率: 0.00 M/s, 最高分辨率: None, 平均帧率: 未知, 视频编解码器: 未知, 音频编解码器: 未知
分类: 虎牙频道, 名称: 周星星, 有效: 0, IPv4: 1, IPv6: 0, 最小延迟: -1 ms, 最高速率: 0.00 M/s, 平均速率: 0.00 M/s, 最高分辨率: None, 平均帧率: 未知, 视频编解码器: 未知, 音频编解码器: 未知
分类: 虎牙频道, 名称: 爱情公寓, 有效: 0, IPv4: 1, IPv6: 0, 最小延迟: -1 ms, 最高速率: 0.00 M/s, 平均速率: 0.00 M/s, 最高分辨率: None, 平均帧率: 未知, 视频编解码器: 未知, 音频编解码器: 未知
分类: 虎牙频道, 名称: 倚天屠龙记, 有效: 0, IPv4: 2, IPv6: 0, 最小延迟: -1 ms, 最高速率: 0.00 M/s, 平均速率: 0.00 M/s, 最高分辨率: None, 平均帧率: 未知, 视频编解码器: 未知, 音频编解码器: 未知
分类: 虎牙频道, 名称: 使徒行者, 有效: 0, IPv4: 1, IPv6: 0, 最小延迟: -1 ms, 最高速率: 0.00 M/s, 平均速率: 0.00 M/s, 最高分辨率: None, 平均帧率: 未知, 视频编解码器: 未知, 音频编解码器: 未知
分类: 虎牙频道, 名称: 扫黄先锋, 有效: 0, IPv4: 1, IPv6: 0, 最小延迟: -1 ms, 最高速率: 0.00 M/s, 平均速率: 0.00 M/s, 最高分辨率: None, 平均帧率: 未知, 视频编解码器: 未知, 音频编解码器: 未知
分类: 咪咕直播, 名称: 熊猫1, 有效: 0, IPv4: 1, IPv6: 0, 最小延迟: -1 ms, 最高速率: 0.00 M/s, 平均速率: 0.00 M/s, 最高分辨率: None, 平均帧率: 未知, 视频编解码器: 未知, 音频编解码器: 未知
分类: 咪咕直播, 名称: 熊猫2, 有效: 0, IPv4: 1, IPv6: 0, 最小延迟: -1 ms, 最高速率: 0.00 M/s, 平均速率: 0.00 M/s, 最高分辨率: None, 平均帧率: 未知, 视频编解码器: 未知, 音频编解码器: 未知
分类: 咪咕直播, 名称: 熊猫4, 有效: 0, IPv4: 1, IPv6: 0, 最小延迟: -1 ms, 最高速率: 0.00 M/s, 平均速率: 0.00 M/s, 最高分辨率: None, 平均帧率: 未知, 视频编解码器: 未知, 音频编解码器: 未知
分类: 虎牙频道, 名称: 士兵突击, 有效: 0, IPv4: 1, IPv6: 0, 最小延迟: -1 ms, 最高速率: 0.00 M/s, 平均速率: 0.00 M/s, 最高分辨率: None, 平均帧率: 未知, 视频编解码器: 未知, 音频编解码器: 未知
分类: 咪咕直播, 名称: 熊猫5, 有效: 0, IPv4: 1, IPv6: 0, 最小延迟: -1 ms, 最高速率: 0.00 M/s, 平均速率: 0.00 M/s, 最高分辨率: None, 平均帧率: 未知, 视频编解码器: 未知, 音频编解码器: 未知
分类: 咪咕直播, 名称: 熊猫6, 有效: 0, IPv4: 1, IPv6: 0, 最小延迟: -1 ms, 最高速率: 0.00 M/s, 平均速率: 0.00 M/s, 最高分辨率: None, 平均帧率: 未知, 视频编解码器: 未知, 音频编解码器: 未知
分类: 咪咕直播, 名称: 熊猫3, 有效: 0, IPv4: 1, IPv6: 0, 最小延迟: -1 ms, 最高速率: 0.00 M/s, 平均速率: 0.00 M/s, 最高分辨率: None, 平均帧率: 未知, 视频编解码器: 未知, 音频编解码器: 未知
分类: 咪咕直播, 名称: 熊猫8, 有效: 0, IPv4: 1, IPv6: 0, 最小延迟: -1 ms, 最高速率: 0.00 M/s, 平均速率: 0.00 M/s, 最高分辨率: None, 平均帧率: 未知, 视频编解码器: 未知, 音频编解码器: 未知
分类: 咪咕直播, 名称: 咪咕直播1, 有效: 0, IPv4: 1, IPv6: 0, 最小延迟: -1 ms, 最高速率: 0.00 M/s, 平均速率: 0.00 M/s, 最高分辨率: None, 平均帧率: 未知, 视频编解码器: 未知, 音频编解码器: 未知
分类: 咪咕直播, 名称: 熊猫9, 有效: 0, IPv4: 1, IPv6: 0, 最小延迟: -1 ms, 最高速率: 0.00 M/s, 平均速率: 0.00 M/s, 最高分辨率: None, 平均帧率: 未知, 视频编解码器: 未知, 音频编解码器: 未知
分类: 咪咕直播, 名称: 熊猫10, 有效: 0, IPv4: 1, IPv6: 0, 最小延迟: -1 ms, 最高速率: 0.00 M/s, 平均速率: 0.00 M/s, 最高分辨率: None, 平均帧率: 未知, 视频编解码器: 未知, 音频编解码器: 未知
分类: 咪咕直播, 名称: 熊猫7, 有效: 0, IPv4: 1, IPv6: 0, 最小延迟: -1 ms, 最高速率: 0.00 M/s, 平均速率: 0.00 M/s, 最高分辨率: None, 平均帧率: 未知, 视频编解码器: 未知, 音频编解码器: 未知
分类: SiTV-百事通, 名称: SiTV游戏风云, 有效: 0, IPv4: 15, IPv6: 0, 最小延迟: -1 ms, 最高速率: 0.00 M/s, 平均速率: 0.00 M/s, 最高分辨率: None, 平均帧率: 未知, 视频编解码器: 未知, 音频编解码器: 未知
分类: IHOT-iTV, 名称: iHOT 爱喜剧, 有效: 0, IPv4: 1, IPv6: 0, 最小延迟: -1 ms, 最高速率: 0.00 M/s, 平均速率: 0.00 M/s, 最高分辨率: None, 平均帧率: 未知, 视频编解码器: 未知, 音频编解码器: 未知
分类: IHOT-iTV, 名称: iHOT 爱科幻, 有效: 0, IPv4: 1, IPv6: 0, 最小延迟: -1 ms, 最高速率: 0.00 M/s, 平均速率: 0.00 M/s, 最高分辨率: None, 平均帧率: 未知, 视频编解码器: 未知, 音频编解码器: 未知
分类: IHOT-iTV, 名称: iHOT 爱浪漫, 有效: 0, IPv4: 1, IPv6: 0, 最小延迟: -1 ms, 最高速率: 0.00 M/s, 平均速率: 0.00 M/s, 最高分辨率: None, 平均帧率: 未知, 视频编解码器: 未知, 音频编解码器: 未知
分类: IHOT-iTV, 名称: iHOT 爱悬疑, 有效: 0, IPv4: 1, IPv6: 0, 最小延迟: -1 ms, 最高速率: 0.00 M/s, 平均速率: 0.00 M/s, 最高分辨率: None, 平均帧率: 未知, 视频编解码器: 未知, 音频编解码器: 未知
分类: IHOT-iTV, 名称: iHOT 爱谍战, 有效: 0, IPv4: 1, IPv6: 0, 最小延迟: -1 ms, 最高速率: 0.00 M/s, 平均速率: 0.00 M/s, 最高分辨率: None, 平均帧率: 未知, 视频编解码器: 未知, 音频编解码器: 未知
分类: IHOT-iTV, 名称: iHOT 爱科学, 有效: 0, IPv4: 1, IPv6: 0, 最小延迟: -1 ms, 最高速率: 0.00 M/s, 平均速率: 0.00 M/s, 最高分辨率: None, 平均帧率: 未知, 视频编解码器: 未知, 音频编解码器: 未知
分类: IHOT-iTV, 名称: iHOT 爱玩具, 有效: 0, IPv4: 1, IPv6: 0, 最小延迟: -1 ms, 最高速率: 0.00 M/s, 平均速率: 0.00 M/s, 最高分辨率: None, 平均帧率: 未知, 视频编解码器: 未知, 音频编解码器: 未知
分类: IHOT-iTV, 名称: iHOT 爱赛车, 有效: 0, IPv4: 1, IPv6: 0, 最小延迟: -1 ms, 最高速率: 0.00 M/s, 平均速率: 0.00 M/s, 最高分辨率: None, 平均帧率: 未知, 视频编解码器: 未知, 音频编解码器: 未知
分类: IHOT-iTV, 名称: iHOT 爱旅行, 有效: 0, IPv4: 1, IPv6: 0, 最小延迟: -1 ms, 最高速率: 0.00 M/s, 平均速率: 0.00 M/s, 最高分辨率: None, 平均帧率: 未知, 视频编解码器: 未知, 音频编解码器: 未知
分类: NewTV, 名称: NewTV 超级电影, 有效: 0, IPv4: 1, IPv6: 0, 最小延迟: -1 ms, 最高速率: 0.00 M/s, 平均速率: 0.00 M/s, 最高分辨率: None, 平均帧率: 未知, 视频编解码器: 未知, 音频编解码器: 未知
分类: NewTV, 名称: NewTV 超级电视剧, 有效: 0, IPv4: 1, IPv6: 0, 最小延迟: -1 ms, 最高速率: 0.00 M/s, 平均速率: 0.00 M/s, 最高分辨率: None, 平均帧率: 未知, 视频编解码器: 未知, 音频编解码器: 未知
分类: IHOT-iTV, 名称: iHOT 爱奇谈, 有效: 0, IPv4: 1, IPv6: 0, 最小延迟: -1 ms, 最高速率: 0.00 M/s, 平均速率: 0.00 M/s, 最高分辨率: None, 平均帧率: 未知, 视频编解码器: 未知, 音频编解码器: 未知
分类: IHOT-iTV, 名称: iHOT 爱动漫, 有效: 0, IPv4: 1, IPv6: 0, 最小延迟: -1 ms, 最高速率: 0.00 M/s, 平均速率: 0.00 M/s, 最高分辨率: None, 平均帧率: 未知, 视频编解码器: 未知, 音频编解码器: 未知
分类: IHOT-iTV, 名称: iHOT 爱体育, 有效: 0, IPv4: 1, IPv6: 0, 最小延迟: -1 ms, 最高速率: 0.00 M/s, 平均速率: 0.00 M/s, 最高分辨率: None, 平均帧率: 未知, 视频编解码器: 未知, 音频编解码器: 未知
分类: IHOT-iTV, 名称: iHOT 爱院线, 有效: 0, IPv4: 1, IPv6: 0, 最小延迟: -1 ms, 最高速率: 0.00 M/s, 平均速率: 0.00 M/s, 最高分辨率: None, 平均帧率: 未知, 视频编解码器: 未知, 音频编解码器: 未知
分类: 春晚, 名称: 春晚1983, 有效: 0, IPv4: 1, IPv6: 0, 最小延迟: 350 ms, 最高速率: 12.94 M/s, 平均速率: 0.00 M/s, 最高分辨率: 768x576, 平均帧率: 25.00, 视频编解码器: h264, 音频编解码器: aac
分类: 春晚, 名称: 春晚1984, 有效: 0, IPv4: 2, IPv6: 0, 最小延迟: 365 ms, 最高速率: 21.46 M/s, 平均速率: 0.00 M/s, 最高分辨率: 768x576, 平均帧率: 25.00, 视频编解码器: h264, 音频编解码器: aac
分类: 春晚, 名称: 春晚1985, 有效: 0, IPv4: 2, IPv6: 0, 最小延迟: 120 ms, 最高速率: 177.54 M/s, 平均速率: 0.00 M/s, 最高分辨率: 768x576, 平均帧率: 25.00, 视频编解码器: h264, 音频编解码器: aac
分类: 春晚, 名称: 春晚1987, 有效: 0, IPv4: 2, IPv6: 0, 最小延迟: 273 ms, 最高速率: 138.13 M/s, 平均速率: 0.00 M/s, 最高分辨率: 640x480, 平均帧率: 25.00, 视频编解码器: h264, 音频编解码器: aac
分类: 春晚, 名称: 春晚1986, 有效: 0, IPv4: 2, IPv6: 0, 最小延迟: 230 ms, 最高速率: 21.84 M/s, 平均速率: 0.00 M/s, 最高分辨率: 768x576, 平均帧率: 25.00, 视频编解码器: h264, 音频编解码器: aac
分类: 春晚, 名称: 春晚1988, 有效: 0, IPv4: 3, IPv6: 0, 最小延迟: 332 ms, 最高速率: 113.72 M/s, 平均速率: 0.00 M/s, 最高分辨率: 640x480, 平均帧率: 25.00, 视频编解码器: h264, 音频编解码器: aac
分类: 春晚, 名称: 春晚1990, 有效: 0, IPv4: 1, IPv6: 0, 最小延迟: -1 ms, 最高速率: 0.00 M/s, 平均速率: 0.00 M/s, 最高分辨率: None, 平均帧率: 未知, 视频编解码器: 未知, 音频编解码器: 未知
分类: 春晚, 名称: 春晚1992, 有效: 0, IPv4: 1, IPv6: 0, 最小延迟: -1 ms, 最高速率: 0.00 M/s, 平均速率: 0.00 M/s, 最高分辨率: None, 平均帧率: 未知, 视频编解码器: 未知, 音频编解码器: 未知
分类: 春晚, 名称: 春晚1989, 有效: 0, IPv4: 3, IPv6: 0, 最小延迟: 40 ms, 最高速率: 157.57 M/s, 平均速率: 0.00 M/s, 最高分辨率: 640x480, 平均帧率: 25.00, 视频编解码器: h264, 音频编解码器: aac
分类: 春晚, 名称: 春晚1995, 有效: 0, IPv4: 2, IPv6: 0, 最小延迟: 17 ms, 最高速率: 50.46 M/s, 平均速率: 0.00 M/s, 最高分辨率: 982x720, 平均帧率: 25.00, 视频编解码器: h264, 音频编解码器: aac
分类: 春晚, 名称: 春晚1991, 有效: 0, IPv4: 1, IPv6: 0, 最小延迟: 460 ms, 最高速率: 22.76 M/s, 平均速率: 0.00 M/s, 最高分辨率: 768x576, 平均帧率: 25.00, 视频编解码器: h264, 音频编解码器: aac
分类: 春晚, 名称: 春晚1993, 有效: 0, IPv4: 1, IPv6: 0, 最小延迟: 274 ms, 最高速率: 24.80 M/s, 平均速率: 0.00 M/s, 最高分辨率: 982x720, 平均帧率: 25.00, 视频编解码器: h264, 音频编解码器: aac
分类: 春晚, 名称: 春晚1998, 有效: 0, IPv4: 1, IPv6: 0, 最小延迟: -1 ms, 最高速率: 0.00 M/s, 平均速率: 0.00 M/s, 最高分辨率: None, 平均帧率: 未知, 视频编解码器: 未知, 音频编解码器: 未知
分类: 春晚, 名称: 春晚1994, 有效: 0, IPv4: 1, IPv6: 0, 最小延迟: 919 ms, 最高速率: 19.23 M/s, 平均速率: 0.00 M/s, 最高分辨率: 982x720, 平均帧率: 25.00, 视频编解码器: h264, 音频编解码器: aac
分类: 春晚, 名称: 春晚1997, 有效: 0, IPv4: 2, IPv6: 0, 最小延迟: 213 ms, 最高速率: 102.19 M/s, 平均速率: 0.00 M/s, 最高分辨率: 982x720, 平均帧率: 25.00, 视频编解码器: h264, 音频编解码器: aac
分类: 春晚, 名称: 春晚1996, 有效: 0, IPv4: 1, IPv6: 0, 最小延迟: 328 ms, 最高速率: 20.96 M/s, 平均速率: 0.00 M/s, 最高分辨率: 982x720, 平均帧率: 25.00, 视频编解码器: h264, 音频编解码器: aac
分类: 春晚, 名称: 春晚1999, 有效: 0, IPv4: 1, IPv6: 0, 最小延迟: 353 ms, 最高速率: 11.40 M/s, 平均速率: 0.00 M/s, 最高分辨率: 982x720, 平均帧率: 25.00, 视频编解码器: h264, 音频编解码器: aac
分类: 春晚, 名称: 春晚2000, 有效: 0, IPv4: 1, IPv6: 0, 最小延迟: 318 ms, 最高速率: 22.93 M/s, 平均速率: 0.00 M/s, 最高分辨率: 982x720, 平均帧率: 25.00, 视频编解码器: h264, 音频编解码器: aac
分类: 春晚, 名称: 春晚2003, 有效: 0, IPv4: 2, IPv6: 0, 最小延迟: 190 ms, 最高速率: 114.92 M/s, 平均速率: 0.00 M/s, 最高分辨率: 982x720, 平均帧率: 25.00, 视频编解码器: h264, 音频编解码器: aac
分类: 春晚, 名称: 春晚2001, 有效: 0, IPv4: 1, IPv6: 0, 最小延迟: 332 ms, 最高速率: 23.88 M/s, 平均速率: 0.00 M/s, 最高分辨率: 982x720, 平均帧率: 25.00, 视频编解码器: h264, 音频编解码器: aac
分类: 春晚, 名称: 春晚2002, 有效: 0, IPv4: 1, IPv6: 0, 最小延迟: 319 ms, 最高速率: 26.63 M/s, 平均速率: 0.00 M/s, 最高分辨率: 982x720, 平均帧率: 25.00, 视频编解码器: h264, 音频编解码器: aac
分类: 春晚, 名称: 春晚2004, 有效: 0, IPv4: 1, IPv6: 0, 最小延迟: 80 ms, 最高速率: 21.29 M/s, 平均速率: 0.00 M/s, 最高分辨率: 982x720, 平均帧率: 25.00, 视频编解码器: h264, 音频编解码器: aac
分类: 春晚, 名称: 春晚2006, 有效: 0, IPv4: 1, IPv6: 0, 最小延迟: 78 ms, 最高速率: 24.79 M/s, 平均速率: 0.00 M/s, 最高分辨率: 786x576, 平均帧率: 25.00, 视频编解码器: h264, 音频编解码器: aac
分类: 春晚, 名称: 春晚2005, 有效: 0, IPv4: 1, IPv6: 0, 最小延迟: 271 ms, 最高速率: 21.69 M/s, 平均速率: 0.00 M/s, 最高分辨率: 982x720, 平均帧率: 25.00, 视频编解码器: h264, 音频编解码器: aac
分类: 春晚, 名称: 春晚2007, 有效: 0, IPv4: 1, IPv6: 0, 最小延迟: 69 ms, 最高速率: 25.10 M/s, 平均速率: 0.00 M/s, 最高分辨率: 982x720, 平均帧率: 25.00, 视频编解码器: h264, 音频编解码器: aac
分类: 春晚, 名称: 春晚2008, 有效: 0, IPv4: 2, IPv6: 0, 最小延迟: 213 ms, 最高速率: 96.60 M/s, 平均速率: 0.00 M/s, 最高分辨率: 982x720, 平均帧率: 25.00, 视频编解码器: h264, 音频编解码器: aac
分类: 春晚, 名称: 春晚2009, 有效: 0, IPv4: 1, IPv6: 0, 最小延迟: 364 ms, 最高速率: 20.49 M/s, 平均速率: 0.00 M/s, 最高分辨率: 786x576, 平均帧率: 25.00, 视频编解码器: h264, 音频编解码器: aac
分类: 春晚, 名称: 春晚2012, 有效: 0, IPv4: 1, IPv6: 0, 最小延迟: -1 ms, 最高速率: 0.00 M/s, 平均速率: 0.00 M/s, 最高分辨率: None, 平均帧率: 未知, 视频编解码器: 未知, 音频编解码器: 未知
分类: 春晚, 名称: 春晚2011, 有效: 0, IPv4: 2, IPv6: 0, 最小延迟: 19 ms, 最高速率: 142.30 M/s, 平均速率: 0.00 M/s, 最高分辨率: 982x720, 平均帧率: 25.00, 视频编解码器: h264, 音频编解码器: aac
分类: 春晚, 名称: 春晚2010, 有效: 0, IPv4: 2, IPv6: 0, 最小延迟: 20 ms, 最高速率: 23.63 M/s, 平均速率: 0.00 M/s, 最高分辨率: 982x720, 平均帧率: 25.00, 视频编解码器: h264, 音频编解码器: aac
分类: 春晚, 名称: 春晚2016, 有效: 0, IPv4: 1, IPv6: 0, 最小延迟: -1 ms, 最高速率: 0.00 M/s, 平均速率: 0.00 M/s, 最高分辨率: None, 平均帧率: 未知, 视频编解码器: 未知, 音频编解码器: 未知
分类: 春晚, 名称: 春晚2013, 有效: 0, IPv4: 1, IPv6: 0, 最小延迟: 71 ms, 最高速率: 25.13 M/s, 平均速率: 0.00 M/s, 最高分辨率: 768x576, 平均帧率: 25.00, 视频编解码器: h264, 音频编解码器: aac
分类: 春晚, 名称: 春晚2014, 有效: 2, IPv4: 2, IPv6: 0, 最小延迟: 253 ms, 最高速率: 21.67 M/s, 平均速率: 12.29 M/s, 最高分辨率: 1280x720, 平均帧率: 25.00, 视频编解码器: h264, 音频编解码器: aac
分类: 春晚, 名称: 春晚2018, 有效: 1, IPv4: 1, IPv6: 0, 最小延迟: 496 ms, 最高速率: 19.62 M/s, 平均速率: 19.62 M/s, 最高分辨率: 1280x720, 平均帧率: 25.00, 视频编解码器: h264, 音频编解码器: aac
分类: 春晚, 名称: 春晚2015, 有效: 1, IPv4: 1, IPv6: 0, 最小延迟: 317 ms, 最高速率: 15.59 M/s, 平均速率: 15.59 M/s, 最高分辨率: 1280x720, 平均帧率: 25.00, 视频编解码器: h264, 音频编解码器: aac
分类: 春晚, 名称: 春晚2017, 有效: 1, IPv4: 1, IPv6: 0, 最小延迟: 74 ms, 最高速率: 25.98 M/s, 平均速率: 25.98 M/s, 最高分辨率: 1280x720, 平均帧率: 25.00, 视频编解码器: h264, 音频编解码器: aac
分类: 春晚, 名称: 春晚2019, 有效: 1, IPv4: 1, IPv6: 0, 最小延迟: 414 ms, 最高速率: 18.61 M/s, 平均速率: 18.61 M/s, 最高分辨率: 1280x720, 平均帧率: 25.00, 视频编解码器: h264, 音频编解码器: aac
分类: 春晚, 名称: 春晚2020, 有效: 3, IPv4: 3, IPv6: 0, 最小延迟: 13 ms, 最高速率: 214.01 M/s, 平均速率: 126.00 M/s, 最高分辨率: 1280x720, 平均帧率: 25.00, 视频编解码器: h264, 音频编解码器: aac
分类: 春晚, 名称: 春晚2023, 有效: 0, IPv4: 1, IPv6: 0, 最小延迟: -1 ms, 最高速率: 0.00 M/s, 平均速率: 0.00 M/s, 最高分辨率: None, 平均帧率: 未知, 视频编解码器: 未知, 音频编解码器: 未知
分类: 春晚, 名称: 春晚2024, 有效: 0, IPv4: 1, IPv6: 0, 最小延迟: -1 ms, 最高速率: 0.00 M/s, 平均速率: 0.00 M/s, 最高分辨率: None, 平均帧率: 未知, 视频编解码器: 未知, 音频编解码器: 未知
分类: 春晚, 名称: 春晚2021, 有效: 2, IPv4: 2, IPv6: 0, 最小延迟: 137 ms, 最高速率: 179.53 M/s, 平均速率: 101.64 M/s, 最高分辨率: 1280x720, 平均帧率: 25.00, 视频编解码器: h264, 音频编解码器: aac
分类: 🎮游戏频道, 名称: 「B站」热门赛事, 有效: 0, IPv4: 1, IPv6: 0, 最小延迟: -1 ms, 最高速率: 0.00 M/s, 平均速率: 0.00 M/s, 最高分辨率: None, 平均帧率: 未知, 视频编解码器: 未知, 音频编解码器: 未知
分类: 春晚, 名称: 春晚2025, 有效: 1, IPv4: 1, IPv6: 0, 最小延迟: 446 ms, 最高速率: 11.99 M/s, 平均速率: 11.99 M/s, 最高分辨率: 1920x1080, 平均帧率: 25.00, 视频编解码器: h264, 音频编解码器: aac
分类: 景区直播👉全网, 名称: 大熊猫保护研究中心, 有效: 0, IPv4: 1, IPv6: 0, 最小延迟: -1 ms, 最高速率: 0.00 M/s, 平均速率: 0.00 M/s, 最高分辨率: None, 平均帧率: 未知, 视频编解码器: 未知, 音频编解码器: 未知
分类: 景区直播👉全网, 名称: 广州远眺白江湖, 有效: 1, IPv4: 1, IPv6: 0, 最小延迟: 2156 ms, 最高速率: 0.34 M/s, 平均速率: 0.34 M/s, 最高分辨率: 1280x720, 平均帧率: 25.00, 视频编解码器: h264, 音频编解码器: aac
分类: 景区直播👉全网, 名称: 深圳福田红树林, 有效: 1, IPv4: 1, IPv6: 0, 最小延迟: 2165 ms, 最高速率: 0.38 M/s, 平均速率: 0.38 M/s, 最高分辨率: 1280x720, 平均帧率: 25.00, 视频编解码器: h264, 音频编解码器: aac
分类: 景区直播👉全网, 名称: 北京密云古北水镇, 有效: 1, IPv4: 1, IPv6: 0, 最小延迟: 2268 ms, 最高速率: 0.36 M/s, 平均速率: 0.36 M/s, 最高分辨率: 1280x720, 平均帧率: 25.00, 视频编解码器: h264, 音频编解码器: aac
分类: 春晚, 名称: 春晚2022, 有效: 3, IPv4: 3, IPv6: 0, 最小延迟: 284 ms, 最高速率: 23.50 M/s, 平均速率: 19.96 M/s, 最高分辨率: 1280x720, 平均帧率: 25.00, 视频编解码器: h264, 音频编解码器: aac
分类: 景区直播👉全网, 名称: 韶关车八岭国家级自然保护区, 有效: 1, IPv4: 1, IPv6: 0, 最小延迟: 2048 ms, 最高速率: 0.33 M/s, 平均速率: 0.33 M/s, 最高分辨率: 1280x720, 平均帧率: 25.00, 视频编解码器: h264, 音频编解码器: aac
分类: 景区直播👉全网, 名称: 安徽宣城溪桃大桥, 有效: 1, IPv4: 1, IPv6: 0, 最小延迟: 2289 ms, 最高速率: 0.35 M/s, 平均速率: 0.35 M/s, 最高分辨率: 1280x720, 平均帧率: 25.00, 视频编解码器: h264, 音频编解码器: aac
分类: 景区直播👉全网, 名称: 安徽黄山飞来石, 有效: 0, IPv4: 1, IPv6: 0, 最小延迟: 2188 ms, 最高速率: 0.38 M/s, 平均速率: 0.00 M/s, 最高分辨率: 1920x1080, 平均帧率: 25.00, 视频编解码器: h264, 音频编解码器: aac
分类: 景区直播👉全网, 名称: 贵州遵义赤水大瀑布, 有效: 0, IPv4: 1, IPv6: 0, 最小延迟: 1968 ms, 最高速率: 0.28 M/s, 平均速率: 0.00 M/s, 最高分辨率: 1920x1080, 平均帧率: 25.00, 视频编解码器: h264, 音频编解码器: aac
分类: 景区直播👉全网, 名称: 西藏林芝南迦巴瓦, 有效: 1, IPv4: 1, IPv6: 0, 最小延迟: 1900 ms, 最高速率: 0.25 M/s, 平均速率: 0.25 M/s, 最高分辨率: 1280x720, 平均帧率: 25.00, 视频编解码器: h264, 音频编解码器: aac
分类: 景区直播👉全网, 名称: 贵州黔东南加榜梯田, 有效: 1, IPv4: 1, IPv6: 0, 最小延迟: 2869 ms, 最高速率: 0.46 M/s, 平均速率: 0.46 M/s, 最高分辨率: 1280x720, 平均帧率: 25.00, 视频编解码器: h264, 音频编解码器: aac
分类: 景区直播👉全网, 名称: 青海省祁连山国家公园, 有效: 0, IPv4: 1, IPv6: 0, 最小延迟: 1901 ms, 最高速率: 0.20 M/s, 平均速率: 0.00 M/s, 最高分辨率: 1920x1080, 平均帧率: 25.00, 视频编解码器: h264, 音频编解码器: aac
分类: 景区直播👉全网, 名称: 西藏林芝米林岷山彩门民宿, 有效: 0, IPv4: 1, IPv6: 0, 最小延迟: 1786 ms, 最高速率: 0.24 M/s, 平均速率: 0.00 M/s, 最高分辨率: 1920x1080, 平均帧率: 25.00, 视频编解码器: h264, 音频编解码器: aac
分类: 景区直播👉全网, 名称: 浙江舟山嵊泗县中心渔港, 有效: 1, IPv4: 1, IPv6: 0, 最小延迟: 2328 ms, 最高速率: 0.33 M/s, 平均速率: 0.33 M/s, 最高分辨率: 1280x720, 平均帧率: 25.00, 视频编解码器: h264, 音频编解码器: aac
分类: 景区直播👉全网, 名称: 江苏宿迁骆马湖罗曼园, 有效: 0, IPv4: 1, IPv6: 0, 最小延迟: 1696 ms, 最高速率: 0.19 M/s, 平均速率: 0.00 M/s, 最高分辨率: 1280x720, 平均帧率: 25.00, 视频编解码器: h264, 音频编解码器: aac
分类: 景区直播👉全网, 名称: 浙江舟山东极岛远眺东海, 有效: 1, IPv4: 1, IPv6: 0, 最小延迟: 2137 ms, 最高速率: 0.30 M/s, 平均速率: 0.30 M/s, 最高分辨率: 1280x720, 平均帧率: 25.00, 视频编解码器: h264, 音频编解码器: aac
分类: 景区直播👉全网, 名称: 江苏无锡大剧院, 有效: 0, IPv4: 1, IPv6: 0, 最小延迟: 2192 ms, 最高速率: 0.34 M/s, 平均速率: 0.00 M/s, 最高分辨率: 1920x1080, 平均帧率: 25.00, 视频编解码器: h264, 音频编解码器: aac
分类: 景区直播👉全网, 名称: 陕西西安 鼓楼, 有效: 0, IPv4: 1, IPv6: 0, 最小延迟: 2225 ms, 最高速率: 0.35 M/s, 平均速率: 0.00 M/s, 最高分辨率: 1920x1080, 平均帧率: 25.00, 视频编解码器: h264, 音频编解码器: aac
分类: 景区直播👉全网, 名称: 陕西咸阳乾陵景区, 有效: 0, IPv4: 1, IPv6: 0, 最小延迟: 1639 ms, 最高速率: 0.19 M/s, 平均速率: 0.00 M/s, 最高分辨率: 1280x720, 平均帧率: 25.00, 视频编解码器: h264, 音频编解码器: aac
分类: 景区直播👉全网, 名称: 山西大同 鼓楼, 有效: 1, IPv4: 1, IPv6: 0, 最小延迟: 3458 ms, 最高速率: 0.44 M/s, 平均速率: 0.44 M/s, 最高分辨率: 1280x720, 平均帧率: 25.00, 视频编解码器: h264, 音频编解码器: aac
分类: 景区直播👉全网, 名称: 河北承德金山岭长城, 有效: 1, IPv4: 1, IPv6: 0, 最小延迟: 1908 ms, 最高速率: 0.21 M/s, 平均速率: 0.21 M/s, 最高分辨率: 1280x720, 平均帧率: 25.00, 视频编解码器: h264, 音频编解码器: aac
分类: 景区直播👉全网, 名称: 河南趵突泉, 有效: 0, IPv4: 1, IPv6: 0, 最小延迟: 1354 ms, 最高速率: 0.17 M/s, 平均速率: 0.00 M/s, 最高分辨率: 1920x1080, 平均帧率: 25.00, 视频编解码器: h264, 音频编解码器: aac
分类: 景区直播👉全网, 名称: 河南信阳何家寨, 有效: 0, IPv4: 1, IPv6: 0, 最小延迟: 2035 ms, 最高速率: 0.29 M/s, 平均速率: 0.00 M/s, 最高分辨率: 1920x1080, 平均帧率: 25.00, 视频编解码器: h264, 音频编解码器: aac
分类: 景区直播👉全网, 名称: 河南信阳文新茶村, 有效: 1, IPv4: 1, IPv6: 0, 最小延迟: 2697 ms, 最高速率: 0.44 M/s, 平均速率: 0.44 M/s, 最高分辨率: 1280x720, 平均帧率: 25.00, 视频编解码器: h264, 音频编解码器: aac
分类: 景区直播👉全网, 名称: 河南平顶山鲁山县画眉谷景区, 有效: 0, IPv4: 1, IPv6: 0, 最小延迟: 1805 ms, 最高速率: 0.26 M/s, 平均速率: 0.00 M/s, 最高分辨率: 1920x1080, 平均帧率: 25.00, 视频编解码器: h264, 音频编解码器: aac
分类: 景区直播👉全网, 名称: 河南鹤壁浚县古城, 有效: 0, IPv4: 1, IPv6: 0, 最小延迟: 2344 ms, 最高速率: 0.37 M/s, 平均速率: 0.00 M/s, 最高分辨率: 1920x1080, 平均帧率: 25.00, 视频编解码器: h264, 音频编解码器: aac
分类: 景区直播👉全网, 名称: 河南焦作红石峡, 有效: 0, IPv4: 1, IPv6: 0, 最小延迟: 1657 ms, 最高速率: 0.23 M/s, 平均速率: 0.00 M/s, 最高分辨率: 1920x1080, 平均帧率: 25.00, 视频编解码器: h264, 音频编解码器: aac
分类: 景区直播👉全网, 名称: 云南大理茶马古道, 有效: 1, IPv4: 1, IPv6: 0, 最小延迟: 1923 ms, 最高速率: 0.28 M/s, 平均速率: 0.28 M/s, 最高分辨率: 1280x720, 平均帧率: 15.00, 视频编解码器: h264, 音频编解码器: aac
分类: 景区直播👉全网, 名称: 云南德宏勐焕大金塔, 有效: 0, IPv4: 1, IPv6: 0, 最小延迟: 1920 ms, 最高速率: 0.22 M/s, 平均速率: 0.00 M/s, 最高分辨率: 1920x1080, 平均帧率: 25.00, 视频编解码器: h264, 音频编解码器: aac
分类: 景区直播👉全网, 名称: 云南普洱澜沧县景迈山, 有效: 0, IPv4: 1, IPv6: 0, 最小延迟: 2101 ms, 最高速率: 0.32 M/s, 平均速率: 0.00 M/s, 最高分辨率: 1920x1080, 平均帧率: 25.00, 视频编解码器: h264, 音频编解码器: aac
分类: 景区直播👉全网, 名称: 云南普洱景东县无量山羊山瀑布, 有效: 0, IPv4: 1, IPv6: 0, 最小延迟: 1938 ms, 最高速率: 0.22 M/s, 平均速率: 0.00 M/s, 最高分辨率: 1920x1080, 平均帧率: 25.00, 视频编解码器: h264, 音频编解码器: aac
分类: 景区直播👉全网, 名称: 云南板桥镇青龙街, 有效: 1, IPv4: 1, IPv6: 0, 最小延迟: 1890 ms, 最高速率: 0.26 M/s, 平均速率: 0.26 M/s, 最高分辨率: 1280x720, 平均帧率: 25.00, 视频编解码器: h264, 音频编解码器: aac
分类: 景区直播👉全网, 名称: 云南大理无量山樱花谷, 有效: 1, IPv4: 1, IPv6: 0, 最小延迟: 2263 ms, 最高速率: 0.36 M/s, 平均速率: 0.36 M/s, 最高分辨率: 1280x720, 平均帧率: 25.00, 视频编解码器: h264, 音频编解码器: aac
分类: 景区直播👉全网, 名称: 云南西双版纳千年古寨曼丢, 有效: 0, IPv4: 1, IPv6: 0, 最小延迟: 1941 ms, 最高速率: 0.23 M/s, 平均速率: 0.00 M/s, 最高分辨率: 1920x1080, 平均帧率: 25.00, 视频编解码器: h264, 音频编解码器: aac
分类: 景区直播👉全网, 名称: 云南保山隆阳区拦河坝水库, 有效: 0, IPv4: 1, IPv6: 0, 最小延迟: 1980 ms, 最高速率: 0.25 M/s, 平均速率: 0.00 M/s, 最高分辨率: 1920x1080, 平均帧率: 25.00, 视频编解码器: h264, 音频编解码器: aac
分类: 景区直播👉全网, 名称: 云南昆明寻甸县城区, 有效: 0, IPv4: 1, IPv6: 0, 最小延迟: 1949 ms, 最高速率: 0.31 M/s, 平均速率: 0.00 M/s, 最高分辨率: 1920x1080, 平均帧率: 25.00, 视频编解码器: h264, 音频编解码器: aac
分类: 景区直播👉全网, 名称: 陕西西安大雁塔, 有效: 0, IPv4: 1, IPv6: 0, 最小延迟: 1927 ms, 最高速率: 0.23 M/s, 平均速率: 0.00 M/s, 最高分辨率: 1920x1080, 平均帧率: 25.00, 视频编解码器: h264, 音频编解码器: aac
分类: 景区直播👉全网, 名称: 陕西西安阎良关山石川河风景区, 有效: 1, IPv4: 1, IPv6: 0, 最小延迟: 1915 ms, 最高速率: 0.24 M/s, 平均速率: 0.24 M/s, 最高分辨率: 1280x720, 平均帧率: 25.00, 视频编解码器: h264, 音频编解码器: aac
分类: 景区直播👉全网, 名称: 陕西渭南韩城市党家村景区, 有效: 0, IPv4: 1, IPv6: 0, 最小延迟: 1957 ms, 最高速率: 0.31 M/s, 平均速率: 0.00 M/s, 最高分辨率: 1920x1080, 平均帧率: 25.00, 视频编解码器: h264, 音频编解码器: aac
分类: 景区直播👉全网, 名称: 山东青岛艾山天文台, 有效: 1, IPv4: 1, IPv6: 0, 最小延迟: 2226 ms, 最高速率: 0.37 M/s, 平均速率: 0.37 M/s, 最高分辨率: 1280x720, 平均帧率: 25.00, 视频编解码器: h264, 音频编解码器: aac
分类: 景区直播👉全网, 名称: 辽宁沈阳浑河桥, 有效: 1, IPv4: 1, IPv6: 0, 最小延迟: 2140 ms, 最高速率: 0.33 M/s, 平均速率: 0.33 M/s, 最高分辨率: 1280x720, 平均帧率: 25.00, 视频编解码器: h264, 音频编解码器: aac
分类: 景区直播👉全网, 名称: 吉林临江门大桥, 有效: 0, IPv4: 1, IPv6: 0, 最小延迟: 1948 ms, 最高速率: 0.28 M/s, 平均速率: 0.00 M/s, 最高分辨率: 1920x1080, 平均帧率: 25.00, 视频编解码器: h264, 音频编解码器: aac
分类: 景区直播👉全网, 名称: 吉林朱雀云顶远眺, 有效: 0, IPv4: 1, IPv6: 0, 最小延迟: 2184 ms, 最高速率: 0.38 M/s, 平均速率: 0.00 M/s, 最高分辨率: 1920x1080, 平均帧率: 25.00, 视频编解码器: h264, 音频编解码器: aac
分类: 景区直播👉全网, 名称: 黑龙江哈尔滨霁虹桥, 有效: 1, IPv4: 1, IPv6: 0, 最小延迟: 1740 ms, 最高速率: 0.26 M/s, 平均速率: 0.26 M/s, 最高分辨率: 1280x720, 平均帧率: 25.00, 视频编解码器: h264, 音频编解码器: aac
分类: 景区直播👉全网, 名称: 黑龙江萝北县, 有效: 0, IPv4: 1, IPv6: 0, 最小延迟: 1943 ms, 最高速率: 0.33 M/s, 平均速率: 0.00 M/s, 最高分辨率: 1920x1080, 平均帧率: 25.00, 视频编解码器: h264, 音频编解码器: aac
分类: 景区直播👉全网, 名称: 重庆李子坝, 有效: 0, IPv4: 1, IPv6: 0, 最小延迟: 1827 ms, 最高速率: 0.22 M/s, 平均速率: 0.00 M/s, 最高分辨率: 1920x1080, 平均帧率: 25.00, 视频编解码器: h264, 音频编解码器: aac
分类: 景区直播👉全网, 名称: 重庆巫山长江画卷, 有效: 0, IPv4: 1, IPv6: 0, 最小延迟: 1899 ms, 最高速率: 0.24 M/s, 平均速率: 0.00 M/s, 最高分辨率: 1920x1080, 平均帧率: 25.00, 视频编解码器: h264, 音频编解码器: aac
分类: 景区直播👉全网, 名称: 湖南邵阳崀山八角寨, 有效: 1, IPv4: 1, IPv6: 0, 最小延迟: 1645 ms, 最高速率: 0.21 M/s, 平均速率: 0.21 M/s, 最高分辨率: 1280x720, 平均帧率: 25.00, 视频编解码器: h264, 音频编解码器: aac
分类: 景区直播👉全网, 名称: 新疆天山(定海神针), 有效: 0, IPv4: 1, IPv6: 0, 最小延迟: 2361 ms, 最高速率: 0.36 M/s, 平均速率: 0.00 M/s, 最高分辨率: 1920x1080, 平均帧率: 25.00, 视频编解码器: h264, 音频编解码器: aac
分类: 景区直播👉全网, 名称: 黄花城水长城02, 有效: 0, IPv4: 1, IPv6: 0, 最小延迟: 1876 ms, 最高速率: 0.30 M/s, 平均速率: 0.00 M/s, 最高分辨率: 1920x1080, 平均帧率: 20.00, 视频编解码器: h264, 音频编解码器: aac
分类: 景区直播👉全网, 名称: 湖南张家界水绕四门, 有效: 0, IPv4: 1, IPv6: 0, 最小延迟: 2070 ms, 最高速率: 0.31 M/s, 平均速率: 0.00 M/s, 最高分辨率: 1920x1080, 平均帧率: 25.00, 视频编解码器: h264, 音频编解码器: aac
分类: 景区直播👉全网, 名称: 湖南张家界将军列队, 有效: 1, IPv4: 1, IPv6: 0, 最小延迟: 1897 ms, 最高速率: 0.27 M/s, 平均速率: 0.27 M/s, 最高分辨率: 1280x720, 平均帧率: 25.00, 视频编解码器: h264, 音频编解码器: aac
分类: 景区直播👉全网, 名称: 内蒙古, 有效: 0, IPv4: 3, IPv6: 0, 最小延迟: 2173 ms, 最高速率: 0.27 M/s, 平均速率: 0.00 M/s, 最高分辨率: 1920x1080, 平均帧率: 25.00, 视频编解码器: h264, 音频编解码器: aac
分类: 景区直播👉全网, 名称: 湖南张家界御笔峰, 有效: 1, IPv4: 1, IPv6: 0, 最小延迟: 1957 ms, 最高速率: 0.20 M/s, 平均速率: 0.20 M/s, 最高分辨率: 1280x720, 平均帧率: 25.00, 视频编解码器: h264, 音频编解码器: aac
分类: 景区直播👉全网, 名称: 广西玉林大容山莲花山顶, 有效: 0, IPv4: 1, IPv6: 0, 最小延迟: 1661 ms, 最高速率: 0.23 M/s, 平均速率: 0.00 M/s, 最高分辨率: 1920x1080, 平均帧率: 25.00, 视频编解码器: h264, 音频编解码器: aac
分类: 景区直播👉全网, 名称: 南京玄武湖公园, 有效: 1, IPv4: 1, IPv6: 0, 最小延迟: 2105 ms, 最高速率: 0.30 M/s, 平均速率: 0.30 M/s, 最高分辨率: 1280x720, 平均帧率: 25.00, 视频编解码器: h264, 音频编解码器: aac
分类: 景区直播👉全网, 名称: 四川峨眉山云海日出, 有效: 1, IPv4: 1, IPv6: 0, 最小延迟: 2435 ms, 最高速率: 0.36 M/s, 平均速率: 0.36 M/s, 最高分辨率: 1280x720, 平均帧率: 25.00, 视频编解码器: h264, 音频编解码器: aac
分类: 景区直播👉全网, 名称: 云南丽江冰川, 有效: 0, IPv4: 1, IPv6: 0, 最小延迟: 1410 ms, 最高速率: 0.18 M/s, 平均速率: 0.00 M/s, 最高分辨率: 1280x720, 平均帧率: 25.00, 视频编解码器: h264, 音频编解码器: aac
分类: 景区直播👉全网, 名称: 浙江舟山东极岛, 有效: 1, IPv4: 1, IPv6: 0, 最小延迟: 2135 ms, 最高速率: 0.33 M/s, 平均速率: 0.33 M/s, 最高分辨率: 1280x720, 平均帧率: 25.00, 视频编解码器: h264, 音频编解码器: aac
分类: 景区直播👉全网, 名称: 江苏南京牛首山, 有效: 1, IPv4: 1, IPv6: 0, 最小延迟: 2182 ms, 最高速率: 0.34 M/s, 平均速率: 0.34 M/s, 最高分辨率: 1280x720, 平均帧率: 25.00, 视频编解码器: h264, 音频编解码器: aac
分类: 景区直播👉全网, 名称: 丽江古城大研花巷观景, 有效: 0, IPv4: 1, IPv6: 0, 最小延迟: 1894 ms, 最高速率: 0.30 M/s, 平均速率: 0.00 M/s, 最高分辨率: 1920x1080, 平均帧率: 25.00, 视频编解码器: h264, 音频编解码器: aac
分类: 景区直播👉全网, 名称: 雪乡大石碑, 有效: 0, IPv4: 2, IPv6: 0, 最小延迟: 1642 ms, 最高速率: 0.34 M/s, 平均速率: 0.00 M/s, 最高分辨率: 1920x1080, 平均帧率: 25.00, 视频编解码器: h264, 音频编解码器: aac
分类: 景区直播👉全网, 名称: 乌镇蓝印花布, 有效: 1, IPv4: 1, IPv6: 0, 最小延迟: 1963 ms, 最高速率: 0.26 M/s, 平均速率: 0.26 M/s, 最高分辨率: 1280x720, 平均帧率: 25.00, 视频编解码器: h264, 音频编解码器: aac
分类: 景区直播👉全网, 名称: 乌镇西市河, 有效: 1, IPv4: 1, IPv6: 0, 最小延迟: 2153 ms, 最高速率: 0.28 M/s, 平均速率: 0.28 M/s, 最高分辨率: 1280x720, 平均帧率: 25.00, 视频编解码器: h264, 音频编解码器: aac
分类: 景区直播👉全网, 名称: 乌镇龙形田, 有效: 1, IPv4: 1, IPv6: 0, 最小延迟: 2228 ms, 最高速率: 0.32 M/s, 平均速率: 0.32 M/s, 最高分辨率: 1280x720, 平均帧率: 25.00, 视频编解码器: h264, 音频编解码器: aac
分类: 景区直播👉全网, 名称: 乌镇全景, 有效: 0, IPv4: 1, IPv6: 0, 最小延迟: 1954 ms, 最高速率: 0.26 M/s, 平均速率: 0.00 M/s, 最高分辨率: 1920x1080, 平均帧率: 25.00, 视频编解码器: h264, 音频编解码器: aac
分类: 景区直播👉全网, 名称: 黄花城水长城01, 有效: 0, IPv4: 1, IPv6: 0, 最小延迟: 1422 ms, 最高速率: 0.16 M/s, 平均速率: 0.00 M/s, 最高分辨率: 1280x720, 平均帧率: 25.00, 视频编解码器: h264, 音频编解码器: aac
分类: 景区直播👉全网, 名称: 凤凰古城南华山, 有效: 1, IPv4: 1, IPv6: 0, 最小延迟: 2868 ms, 最高速率: 0.61 M/s, 平均速率: 0.61 M/s, 最高分辨率: 1920x1080, 平均帧率: 25.00, 视频编解码器: h264, 音频编解码器: aac
分类: 景区直播👉全网, 名称: 鸣沙山, 有效: 1, IPv4: 1, IPv6: 0, 最小延迟: 2330 ms, 最高速率: 0.33 M/s, 平均速率: 0.33 M/s, 最高分辨率: 1280x720, 平均帧率: 25.00, 视频编解码器: h264, 音频编解码器: aac
分类: 景区直播👉全网, 名称: 望乡台, 有效: 1, IPv4: 1, IPv6: 0, 最小延迟: 1844 ms, 最高速率: 0.20 M/s, 平均速率: 0.20 M/s, 最高分辨率: 1280x720, 平均帧率: 25.00, 视频编解码器: h264, 音频编解码器: aac
分类: 景区直播👉全网, 名称: 五彩池, 有效: 0, IPv4: 1, IPv6: 0, 最小延迟: 2208 ms, 最高速率: 0.26 M/s, 平均速率: 0.00 M/s, 最高分辨率: 1920x1080, 平均帧率: 25.00, 视频编解码器: h264, 音频编解码器: aac
分类: 景区直播👉全网, 名称: 泰山十八盘, 有效: 0, IPv4: 1, IPv6: 0, 最小延迟: 2112 ms, 最高速率: 0.32 M/s, 平均速率: 0.00 M/s, 最高分辨率: 1920x1080, 平均帧率: 25.00, 视频编解码器: h264, 音频编解码器: aac
分类: 景区直播👉全网, 名称: 泰山玉皇顶, 有效: 0, IPv4: 1, IPv6: 0, 最小延迟: 1853 ms, 最高速率: 0.21 M/s, 平均速率: 0.00 M/s, 最高分辨率: 1920x1080, 平均帧率: 25.00, 视频编解码器: h264, 音频编解码器: aac
分类: 景区直播👉全网, 名称: 泰山南天门, 有效: 1, IPv4: 1, IPv6: 0, 最小延迟: 2048 ms, 最高速率: 0.30 M/s, 平均速率: 0.30 M/s, 最高分辨率: 1280x720, 平均帧率: 25.00, 视频编解码器: h264, 音频编解码器: aac
分类: 景区直播👉全网, 名称: 黄山排云亭, 有效: 2, IPv4: 2, IPv6: 0, 最小延迟: 1837 ms, 最高速率: 0.33 M/s, 平均速率: 0.30 M/s, 最高分辨率: 1280x720, 平均帧率: 25.00, 视频编解码器: h264, 音频编解码器: aac
分类: 景区直播👉全网, 名称: 安徽黟县西递牌坊, 有效: 1, IPv4: 1, IPv6: 0, 最小延迟: 2113 ms, 最高速率: 0.28 M/s, 平均速率: 0.28 M/s, 最高分辨率: 1280x720, 平均帧率: 25.00, 视频编解码器: h264, 音频编解码器: aac
分类: 景区直播👉全网, 名称: 黄山, 有效: 0, IPv4: 1, IPv6: 0, 最小延迟: 2860 ms, 最高速率: 0.47 M/s, 平均速率: 0.00 M/s, 最高分辨率: 1920x1080, 平均帧率: 25.00, 视频编解码器: h264, 音频编解码器: aac
分类: 景区直播👉全网, 名称: 安徽黟县芦村远眺, 有效: 2, IPv4: 2, IPv6: 0, 最小延迟: 2127 ms, 最高速率: 0.27 M/s, 平均速率: 0.26 M/s, 最高分辨率: 1280x720, 平均帧率: 25.00, 视频编解码器: h264, 音频编解码器: aac
分类: 景区直播👉全网, 名称: 中央电视塔东, 有效: 0, IPv4: 1, IPv6: 0, 最小延迟: 2152 ms, 最高速率: 0.25 M/s, 平均速率: 0.00 M/s, 最高分辨率: 1920x1080, 平均帧率: 25.00, 视频编解码器: h264, 音频编解码器: aac
分类: 景区直播👉全网, 名称: 黄果树六角亭瀑布, 有效: 0, IPv4: 1, IPv6: 0, 最小延迟: 1954 ms, 最高速率: 0.22 M/s, 平均速率: 0.00 M/s, 最高分辨率: 1920x1080, 平均帧率: 25.00, 视频编解码器: h264, 音频编解码器: aac
分类: 景区直播👉全网, 名称: 中央电视塔南, 有效: 1, IPv4: 1, IPv6: 0, 最小延迟: 2109 ms, 最高速率: 0.40 M/s, 平均速率: 0.40 M/s, 最高分辨率: 1280x720, 平均帧率: 25.00, 视频编解码器: h264, 音频编解码器: aac
分类: 景区直播👉全网, 名称: 贵州省兴义市万峰林, 有效: 1, IPv4: 1, IPv6: 0, 最小延迟: 1908 ms, 最高速率: 0.27 M/s, 平均速率: 0.27 M/s, 最高分辨率: 1280x720, 平均帧率: 25.00, 视频编解码器: h264, 音频编解码器: aac
分类: 景区直播👉全网, 名称: 云南大理崇圣寺三塔远景, 有效: 1, IPv4: 1, IPv6: 0, 最小延迟: 1901 ms, 最高速率: 0.26 M/s, 平均速率: 0.26 M/s, 最高分辨率: 1280x720, 平均帧率: 25.00, 视频编解码器: h264, 音频编解码器: aac
分类: 景区直播👉全网, 名称: 广西桂林漓江景区, 有效: 1, IPv4: 1, IPv6: 0, 最小延迟: 2011 ms, 最高速率: 0.26 M/s, 平均速率: 0.26 M/s, 最高分辨率: 1280x720, 平均帧率: 25.00, 视频编解码器: h264, 音频编解码器: aac
分类: 景区直播👉全网, 名称: 张掖七彩丹霞, 有效: 1, IPv4: 1, IPv6: 0, 最小延迟: 1894 ms, 最高速率: 0.35 M/s, 平均速率: 0.35 M/s, 最高分辨率: 1280x720, 平均帧率: 25.00, 视频编解码器: h264, 音频编解码器: aac
分类: 景区直播👉全网, 名称: 青岛崂山八水河, 有效: 1, IPv4: 1, IPv6: 0, 最小延迟: 2428 ms, 最高速率: 0.28 M/s, 平均速率: 0.28 M/s, 最高分辨率: 1280x720, 平均帧率: 25.00, 视频编解码器: h264, 音频编解码器: aac
分类: 景区直播👉全网, 名称: 乐山大佛全景, 有效: 0, IPv4: 1, IPv6: 0, 最小延迟: 2081 ms, 最高速率: 0.33 M/s, 平均速率: 0.00 M/s, 最高分辨率: 1920x1080, 平均帧率: 25.00, 视频编解码器: h264, 音频编解码器: aac
